TN:
SF:apps/keira/src/app/features/conditions/conditions-handler.service.ts
FN:8,(anonymous_2)
FNF:1
FNH:1
FNDA:3,(anonymous_2)
DA:7,1
DA:9,3
LF:2
LH:2
BRF:0
BRH:0
end_of_record
TN:
SF:apps/keira/src/app/features/conditions/edit-conditions/conditions-constants.ts
FNF:0
FNH:0
DA:3,1
DA:4,1
DA:5,1
DA:6,1
DA:7,1
DA:8,1
DA:9,1
DA:10,1
DA:11,1
DA:12,1
DA:13,1
DA:14,1
DA:15,1
DA:16,1
DA:17,1
DA:18,1
DA:19,1
DA:20,1
DA:21,1
DA:22,1
DA:23,1
DA:24,1
DA:25,1
DA:26,1
DA:27,1
DA:28,1
DA:30,1
DA:31,1
DA:32,1
DA:33,1
DA:34,1
DA:35,1
DA:36,1
DA:37,1
DA:38,1
DA:39,1
DA:40,1
DA:41,1
DA:42,1
DA:43,1
DA:44,1
DA:45,1
DA:46,1
DA:47,1
DA:48,1
DA:49,1
DA:50,1
DA:51,1
DA:52,1
DA:53,1
DA:54,1
DA:55,1
DA:57,1
DA:58,1
DA:59,1
DA:60,1
DA:61,1
DA:62,1
DA:63,1
DA:64,1
DA:65,1
DA:66,1
DA:67,1
DA:68,1
DA:69,1
DA:70,1
DA:71,1
DA:72,1
DA:73,1
DA:74,1
DA:75,1
DA:76,1
DA:77,1
DA:78,1
DA:79,1
DA:80,1
DA:81,1
DA:82,1
DA:84,1
DA:85,1
DA:86,1
DA:87,1
DA:88,1
DA:89,1
DA:90,1
DA:91,1
DA:92,1
DA:93,1
DA:94,1
DA:95,1
DA:96,1
DA:97,1
DA:98,1
DA:99,1
DA:100,1
DA:101,1
DA:102,1
DA:103,1
DA:104,1
DA:105,1
DA:106,1
DA:107,1
DA:108,1
DA:109,1
DA:110,1
DA:111,1
DA:112,1
DA:113,1
DA:114,1
DA:115,1
DA:116,1
DA:117,1
DA:119,1
DA:120,1
DA:121,1
DA:122,1
DA:123,1
DA:124,1
DA:125,1
DA:126,1
DA:127,1
DA:128,1
DA:129,1
DA:130,1
DA:131,1
DA:132,1
DA:133,1
DA:134,1
DA:135,1
DA:137,1
DA:138,1
DA:139,1
DA:140,1
DA:141,1
DA:142,1
DA:143,1
DA:144,1
DA:145,1
DA:146,1
DA:147,1
DA:148,1
DA:149,1
DA:150,1
DA:151,1
DA:152,1
DA:153,1
DA:154,1
DA:155,1
DA:156,1
DA:157,1
DA:158,1
DA:159,1
DA:160,1
DA:161,1
DA:162,1
DA:163,1
DA:164,1
DA:165,1
DA:166,1
DA:167,1
DA:168,1
DA:169,1
DA:170,1
DA:171,1
DA:172,1
DA:173,1
DA:174,1
DA:175,1
DA:176,1
DA:177,1
DA:178,1
DA:179,1
DA:180,1
DA:181,1
DA:182,1
DA:183,1
DA:184,1
DA:185,1
DA:186,1
DA:188,1
DA:189,1
DA:190,1
DA:191,1
DA:192,1
DA:193,1
DA:194,1
DA:195,1
DA:196,1
DA:197,1
DA:198,1
DA:199,1
DA:200,1
DA:201,1
DA:202,1
DA:203,1
DA:204,1
DA:205,1
DA:206,1
DA:207,1
DA:208,1
DA:209,1
DA:210,1
DA:211,1
DA:212,1
DA:213,1
DA:214,1
DA:215,1
DA:216,1
DA:217,1
DA:218,1
DA:219,1
DA:220,1
DA:221,1
DA:222,1
DA:223,1
DA:224,1
DA:225,1
DA:226,1
DA:227,1
DA:228,1
DA:229,1
DA:230,1
DA:231,1
DA:232,1
DA:233,1
DA:234,1
DA:235,1
DA:236,1
DA:237,1
LF:229
LH:229
BRF:0
BRH:0
end_of_record
TN:
SF:apps/keira/src/app/features/conditions/edit-conditions/conditions-editor.module.ts
FNF:0
FNH:0
DA:28,1
LF:1
LH:1
BRF:0
BRH:0
end_of_record
TN:
SF:apps/keira/src/app/features/conditions/edit-conditions/conditions.component.ts
FN:70,(anonymous_2)
FN:74,(anonymous_3)
FN:78,(anonymous_4)
FN:82,(anonymous_5)
FN:86,(anonymous_6)
FN:96,(anonymous_7)
FN:100,(anonymous_8)
FN:104,(anonymous_9)
FN:108,(anonymous_10)
FN:112,(anonymous_11)
FN:116,(anonymous_12)
FN:120,(anonymous_13)
FN:124,(anonymous_14)
FN:128,(anonymous_15)
FNF:14
FNH:14
FNDA:128,(anonymous_2)
FNDA:512,(anonymous_3)
FNDA:32,(anonymous_4)
FNDA:32,(anonymous_5)
FNDA:32,(anonymous_6)
FNDA:32,(anonymous_7)
FNDA:32,(anonymous_8)
FNDA:32,(anonymous_9)
FNDA:32,(anonymous_10)
FNDA:32,(anonymous_11)
FNDA:32,(anonymous_12)
FNDA:32,(anonymous_13)
FNDA:32,(anonymous_14)
FNDA:64,(anonymous_15)
DA:40,1
DA:71,128
DA:75,512
DA:79,32
DA:83,32
DA:87,32
DA:90,1
DA:92,31
DA:97,32
DA:101,32
DA:105,32
DA:109,32
DA:113,32
DA:117,32
DA:121,32
DA:125,32
DA:129,64
LF:17
LH:17
BRDA:87,0,0,1
BRDA:87,0,1,1
BRDA:87,0,2,31
BRF:3
BRH:3
end_of_record
TN:
SF:apps/keira/src/app/features/conditions/edit-conditions/conditions.service.ts
FNF:0
FNH:0
DA:9,1
LF:1
LH:1
BRF:0
BRH:0
end_of_record
TN:
SF:apps/keira/src/app/features/conditions/select-conditions/select-conditions.component.ts
FN:17,(anonymous_2)
FNF:1
FNH:1
FNDA:10,(anonymous_2)
DA:13,1
DA:14,10
DA:15,10
DA:18,10
DA:19,10
DA:21,10
LF:6
LH:6
BRF:0
BRH:0
end_of_record
TN:
SF:apps/keira/src/app/features/conditions/select-conditions/select-conditions.module.ts
FNF:0
FNH:0
DA:26,1
LF:1
LH:1
BRF:0
BRH:0
end_of_record
TN:
SF:apps/keira/src/app/features/creature/creature-handler.service.ts
FN:24,(anonymous_2)
FN:27,(anonymous_3)
FN:30,(anonymous_4)
FN:33,(anonymous_5)
FN:36,(anonymous_6)
FN:39,(anonymous_7)
FN:42,(anonymous_8)
FN:45,(anonymous_9)
FN:48,(anonymous_10)
FN:51,(anonymous_11)
FN:54,(anonymous_12)
FN:57,(anonymous_13)
FN:60,(anonymous_14)
FN:63,(anonymous_15)
FN:66,(anonymous_16)
FN:69,(anonymous_17)
FN:99,(anonymous_18)
FNF:17
FNH:17
FNDA:3,(anonymous_2)
FNDA:3,(anonymous_3)
FNDA:3,(anonymous_4)
FNDA:3,(anonymous_5)
FNDA:3,(anonymous_6)
FNDA:3,(anonymous_7)
FNDA:3,(anonymous_8)
FNDA:3,(anonymous_9)
FNDA:3,(anonymous_10)
FNDA:3,(anonymous_11)
FNDA:3,(anonymous_12)
FNDA:3,(anonymous_13)
FNDA:3,(anonymous_14)
FNDA:3,(anonymous_15)
FNDA:1,(anonymous_16)
FNDA:3,(anonymous_17)
FNDA:3,(anonymous_18)
DA:23,1
DA:25,3
DA:28,3
DA:31,3
DA:34,3
DA:37,3
DA:40,3
DA:43,3
DA:46,3
DA:49,3
DA:52,3
DA:55,3
DA:58,3
DA:61,3
DA:64,3
DA:67,1
DA:70,3
DA:100,3
DA:101,3
LF:19
LH:19
BRF:0
BRH:0
end_of_record
TN:
SF:apps/keira/src/app/features/creature/creature.module.ts
FNF:0
FNH:0
DA:22,1
DA:47,1
LF:2
LH:2
BRF:0
BRH:0
end_of_record
TN:
SF:apps/keira/src/app/features/creature/sai-creature-handler.service.ts
FNF:0
FNH:0
DA:7,1
LF:1
LH:1
BRF:0
BRH:0
end_of_record
TN:
SF:apps/keira/src/app/features/creature/creature-equip-template/creature-equip-template.component.ts
FNF:0
FNH:0
DA:13,1
LF:1
LH:1
BRF:0
BRH:0
end_of_record
TN:
SF:apps/keira/src/app/features/creature/creature-equip-template/creature-equip-template.module.ts
FNF:0
FNH:0
DA:28,1
LF:1
LH:1
BRF:0
BRH:0
end_of_record
TN:
SF:apps/keira/src/app/features/creature/creature-equip-template/creature-equip-template.service.ts
FNF:0
FNH:0
DA:13,1
LF:1
LH:1
BRF:0
BRH:0
end_of_record
TN:
SF:apps/keira/src/app/features/creature/creature-loot-template/creature-loot-template.component.ts
FNF:0
FNH:0
DA:12,1
LF:1
LH:1
BRF:0
BRH:0
end_of_record
TN:
SF:apps/keira/src/app/features/creature/creature-loot-template/creature-loot-template.module.ts
FNF:0
FNH:0
DA:14,1
LF:1
LH:1
BRF:0
BRH:0
end_of_record
TN:
SF:apps/keira/src/app/features/creature/creature-loot-template/creature-loot-template.service.ts
FNF:0
FNH:0
DA:10,1
LF:1
LH:1
BRF:0
BRH:0
end_of_record
TN:
SF:apps/keira/src/app/features/creature/creature-onkill-reputation/creature-onkill-reputation.component.ts
FNF:0
FNH:0
DA:14,1
LF:1
LH:1
BRF:0
BRH:0
end_of_record
TN:
SF:apps/keira/src/app/features/creature/creature-onkill-reputation/creature-onkill-reputation.module.ts
FNF:0
FNH:0
DA:30,1
LF:1
LH:1
BRF:0
BRH:0
end_of_record
TN:
SF:apps/keira/src/app/features/creature/creature-onkill-reputation/creature-onkill-reputation.service.ts
FNF:0
FNH:0
DA:13,1
LF:1
LH:1
BRF:0
BRH:0
end_of_record
TN:
SF:apps/keira/src/app/features/creature/creature-questitem/creature-questitem.component.ts
FNF:0
FNH:0
DA:13,1
LF:1
LH:1
BRF:0
BRH:0
end_of_record
TN:
SF:apps/keira/src/app/features/creature/creature-questitem/creature-questitem.module.ts
FNF:0
FNH:0
DA:32,1
LF:1
LH:1
BRF:0
BRH:0
end_of_record
TN:
SF:apps/keira/src/app/features/creature/creature-questitem/creature-questitem.service.ts
FNF:0
FNH:0
DA:14,1
LF:1
LH:1
BRF:0
BRH:0
end_of_record
TN:
SF:apps/keira/src/app/features/creature/creature-spawn/creature-spawn.component.ts
FNF:0
FNH:0
DA:19,1
LF:1
LH:1
BRF:0
BRH:0
end_of_record
TN:
SF:apps/keira/src/app/features/creature/creature-spawn/creature-spawn.module.ts
FNF:0
FNH:0
DA:38,1
LF:1
LH:1
BRF:0
BRH:0
end_of_record
TN:
SF:apps/keira/src/app/features/creature/creature-spawn/creature-spawn.service.ts
FNF:0
FNH:0
DA:9,1
LF:1
LH:1
BRF:0
BRH:0
end_of_record
TN:
SF:apps/keira/src/app/features/creature/creature-spawn-addon/creature-spawn-addon.component.ts
FNF:0
FNH:0
DA:16,1
LF:1
LH:1
BRF:0
BRH:0
end_of_record
TN:
SF:apps/keira/src/app/features/creature/creature-spawn-addon/creature-spawn-addon.module.ts
FNF:0
FNH:0
DA:30,1
LF:1
LH:1
BRF:0
BRH:0
end_of_record
TN:
SF:apps/keira/src/app/features/creature/creature-spawn-addon/creature-spawn-addon.service.ts
FN:19,(anonymous_2)
FNF:1
FNH:1
FNDA:1,(anonymous_2)
DA:9,1
DA:20,1
LF:2
LH:2
BRF:0
BRH:0
end_of_record
TN:
SF:apps/keira/src/app/features/creature/creature-template/creature-template.component.ts
FNF:0
FNH:0
DA:34,1
LF:1
LH:1
BRF:0
BRH:0
end_of_record
TN:
SF:apps/keira/src/app/features/creature/creature-template/creature-template.module.ts
FNF:0
FNH:0
DA:38,1
LF:1
LH:1
BRF:0
BRH:0
end_of_record
TN:
SF:apps/keira/src/app/features/creature/creature-template/creature-template.service.ts
FNF:0
FNH:0
DA:14,1
LF:1
LH:1
BRF:0
BRH:0
end_of_record
TN:
SF:apps/keira/src/app/features/creature/creature-template-addon/creature-template-addon.component.ts
FN:18,(anonymous_2)
FNF:1
FNH:1
FNDA:20,(anonymous_2)
DA:17,1
DA:19,20
LF:2
LH:2
BRF:0
BRH:0
end_of_record
TN:
SF:apps/keira/src/app/features/creature/creature-template-addon/creature-template-addon.module.ts
FNF:0
FNH:0
DA:28,1
LF:1
LH:1
BRF:0
BRH:0
end_of_record
TN:
SF:apps/keira/src/app/features/creature/creature-template-addon/creature-template-addon.service.ts
FNF:0
FNH:0
DA:13,1
LF:1
LH:1
BRF:0
BRH:0
end_of_record
TN:
SF:apps/keira/src/app/features/creature/creature-template-movement/creature-template-movement.component.ts
FN:13,(anonymous_2)
FNF:1
FNH:1
FNDA:20,(anonymous_2)
DA:12,1
DA:14,20
LF:2
LH:2
BRF:0
BRH:0
end_of_record
TN:
SF:apps/keira/src/app/features/creature/creature-template-movement/creature-template-movement.module.ts
FNF:0
FNH:0
DA:28,1
LF:1
LH:1
BRF:0
BRH:0
end_of_record
TN:
SF:apps/keira/src/app/features/creature/creature-template-movement/creature-template-movement.service.ts
FNF:0
FNH:0
DA:13,1
LF:1
LH:1
BRF:0
BRH:0
end_of_record
TN:
SF:apps/keira/src/app/features/creature/creature-template-resistance/creature-template-resistance.component.ts
FN:14,(anonymous_2)
FNF:1
FNH:1
FNDA:33,(anonymous_2)
DA:13,1
DA:15,33
LF:2
LH:2
BRF:0
BRH:0
end_of_record
TN:
SF:apps/keira/src/app/features/creature/creature-template-resistance/creature-template-resistance.module.ts
FNF:0
FNH:0
DA:32,1
LF:1
LH:1
BRF:0
BRH:0
end_of_record
TN:
SF:apps/keira/src/app/features/creature/creature-template-resistance/creature-template-resistance.service.ts
FNF:0
FNH:0
DA:14,1
LF:1
LH:1
BRF:0
BRH:0
end_of_record
TN:
SF:apps/keira/src/app/features/creature/creature-template-spell/creature-template-spell.component.ts
FN:13,(anonymous_2)
FNF:1
FNH:1
FNDA:33,(anonymous_2)
DA:12,1
DA:14,33
LF:2
LH:2
BRF:0
BRH:0
end_of_record
TN:
SF:apps/keira/src/app/features/creature/creature-template-spell/creature-template-spell.module.ts
FNF:0
FNH:0
DA:32,1
LF:1
LH:1
BRF:0
BRH:0
end_of_record
TN:
SF:apps/keira/src/app/features/creature/creature-template-spell/creature-template-spell.service.ts
FNF:0
FNH:0
DA:14,1
LF:1
LH:1
BRF:0
BRH:0
end_of_record
TN:
SF:apps/keira/src/app/features/creature/npc-trainer/npc-trainer.component.ts
FNF:0
FNH:0
DA:14,1
LF:1
LH:1
BRF:0
BRH:0
end_of_record
TN:
SF:apps/keira/src/app/features/creature/npc-trainer/npc-trainer.module.ts
FNF:0
FNH:0
DA:34,1
LF:1
LH:1
BRF:0
BRH:0
end_of_record
TN:
SF:apps/keira/src/app/features/creature/npc-trainer/npc-trainer.service.ts
FNF:0
FNH:0
DA:9,1
LF:1
LH:1
BRF:0
BRH:0
end_of_record
TN:
SF:apps/keira/src/app/features/creature/npc-vendor/npc-vendor.component.ts
FNF:0
FNH:0
DA:13,1
LF:1
LH:1
BRF:0
BRH:0
end_of_record
TN:
SF:apps/keira/src/app/features/creature/npc-vendor/npc-vendor.module.ts
FNF:0
FNH:0
DA:36,1
LF:1
LH:1
BRF:0
BRH:0
end_of_record
TN:
SF:apps/keira/src/app/features/creature/npc-vendor/npc-vendor.service.ts
FN:26,(anonymous_2)
FN:33,(anonymous_3)
FN:66,(anonymous_4)
FNF:3
FNH:3
FNDA:75,(anonymous_2)
FNDA:11,(anonymous_3)
FNDA:74,(anonymous_4)
DA:12,1
DA:27,75
DA:28,9
DA:30,75
DA:34,11
DA:35,3
DA:37,3
DA:39,3
DA:40,2
DA:41,1
DA:46,2
DA:47,1
DA:51,2
DA:52,10
DA:53,6
DA:55,6
DA:61,3
DA:63,3
DA:67,74
LF:19
LH:19
BRDA:27,0,0,9
BRDA:39,1,0,2
BRDA:40,2,0,1
BRDA:46,3,0,1
BRDA:52,4,0,6
BRDA:56,5,0,5
BRDA:56,5,1,1
BRF:7
BRH:7
end_of_record
TN:
SF:apps/keira/src/app/features/creature/pickpocketing-loot-template/pickpocketing-loot-template.component.ts
FNF:0
FNH:0
DA:12,1
LF:1
LH:1
BRF:0
BRH:0
end_of_record
TN:
SF:apps/keira/src/app/features/creature/pickpocketing-loot-template/pickpocketing-loot-template.module.ts
FNF:0
FNH:0
DA:14,1
LF:1
LH:1
BRF:0
BRH:0
end_of_record
TN:
SF:apps/keira/src/app/features/creature/pickpocketing-loot-template/pickpocketing-loot-template.service.ts
FNF:0
FNH:0
DA:15,1
LF:1
LH:1
BRF:0
BRH:0
end_of_record
TN:
SF:apps/keira/src/app/features/creature/sai-creature/sai-creature-editor.service.ts
FNF:0
FNH:0
DA:9,1
LF:1
LH:1
BRF:0
BRH:0
end_of_record
TN:
SF:apps/keira/src/app/features/creature/sai-creature/sai-creature.component.ts
FNF:0
FNH:0
DA:12,1
LF:1
LH:1
BRF:0
BRH:0
end_of_record
TN:
SF:apps/keira/src/app/features/creature/sai-creature/sai-creature.module.ts
FNF:0
FNH:0
DA:36,1
LF:1
LH:1
BRF:0
BRH:0
end_of_record
TN:
SF:apps/keira/src/app/features/creature/select-creature/select-creature.component.ts
FNF:0
FNH:0
DA:20,1
LF:1
LH:1
BRF:0
BRH:0
end_of_record
TN:
SF:apps/keira/src/app/features/creature/select-creature/select-creature.module.ts
FNF:0
FNH:0
DA:29,1
LF:1
LH:1
BRF:0
BRH:0
end_of_record
TN:
SF:apps/keira/src/app/features/creature/select-creature/select-creature.service.ts
FNF:0
FNH:0
DA:14,1
LF:1
LH:1
BRF:0
BRH:0
end_of_record
TN:
SF:apps/keira/src/app/features/creature/skinning-loot-template/skinning-loot-template.component.ts
FNF:0
FNH:0
DA:12,1
LF:1
LH:1
BRF:0
BRH:0
end_of_record
TN:
SF:apps/keira/src/app/features/creature/skinning-loot-template/skinning-loot-template.module.ts
FNF:0
FNH:0
DA:14,1
LF:1
LH:1
BRF:0
BRH:0
end_of_record
TN:
SF:apps/keira/src/app/features/creature/skinning-loot-template/skinning-loot-template.service.ts
FNF:0
FNH:0
DA:11,1
LF:1
LH:1
BRF:0
BRH:0
end_of_record
TN:
SF:apps/keira/src/app/features/dashboard/dashboard.component.ts
FN:29,(anonymous_2)
FN:33,(anonymous_3)
FN:42,(anonymous_4)
FN:47,(anonymous_5)
FN:52,(anonymous_6)
FN:67,(anonymous_7)
FN:75,(anonymous_8)
FNF:7
FNH:7
FNDA:2,(anonymous_2)
FNDA:5,(anonymous_3)
FNDA:5,(anonymous_4)
FNDA:5,(anonymous_5)
FNDA:4,(anonymous_6)
FNDA:1,(anonymous_7)
FNDA:3,(anonymous_8)
DA:18,1
DA:22,5
DA:23,5
DA:24,5
DA:25,5
DA:26,5
DA:27,5
DA:30,2
DA:34,5
DA:35,5
DA:36,5
DA:37,5
DA:39,5
DA:43,5
DA:48,5
DA:50,5
DA:53,4
DA:54,3
DA:55,3
DA:62,3
DA:64,1
DA:68,1
DA:69,1
DA:77,3
DA:78,1
DA:81,3
LF:26
LH:26
BRDA:53,0,0,3
BRDA:53,0,1,1
BRDA:53,1,0,4
BRDA:53,1,1,4
BRDA:77,2,0,1
BRF:5
BRH:5
end_of_record
TN:
SF:apps/keira/src/app/features/dashboard/dashboard.module.ts
FNF:0
FNH:0
DA:14,1
LF:1
LH:1
BRF:0
BRH:0
end_of_record
TN:
SF:apps/keira/src/app/features/gameobject/gameobject-handler.service.ts
FN:15,(anonymous_2)
FN:18,(anonymous_3)
FN:21,(anonymous_4)
FN:24,(anonymous_5)
FN:27,(anonymous_6)
FN:30,(anonymous_7)
FN:33,(anonymous_8)
FN:54,(anonymous_9)
FNF:8
FNH:8
FNDA:3,(anonymous_2)
FNDA:3,(anonymous_3)
FNDA:3,(anonymous_4)
FNDA:3,(anonymous_5)
FNDA:3,(anonymous_6)
FNDA:1,(anonymous_7)
FNDA:3,(anonymous_8)
FNDA:2,(anonymous_9)
DA:14,1
DA:16,3
DA:19,3
DA:22,3
DA:25,3
DA:28,3
DA:31,1
DA:34,3
DA:55,2
DA:56,2
LF:10
LH:10
BRF:0
BRH:0
end_of_record
TN:
SF:apps/keira/src/app/features/gameobject/sai-gameobject-handler.service.ts
FNF:0
FNH:0
DA:7,1
LF:1
LH:1
BRF:0
BRH:0
end_of_record
TN:
SF:apps/keira/src/app/features/gameobject/gameobject-loot-template/gameobject-loot-template.component.ts
FN:15,(anonymous_2)
FN:19,(anonymous_3)
FN:22,(anonymous_4)
FN:26,(anonymous_5)
FN:41,(anonymous_6)
FNF:5
FNH:5
FNDA:82,(anonymous_2)
FNDA:17,(anonymous_3)
FNDA:16,(anonymous_4)
FNDA:1,(anonymous_5)
FNDA:17,(anonymous_6)
DA:13,1
DA:16,82
DA:20,17
DA:24,16
DA:27,1
DA:42,17
DA:43,17
DA:44,17
DA:45,17
LF:9
LH:9
BRF:0
BRH:0
end_of_record
TN:
SF:apps/keira/src/app/features/gameobject/gameobject-loot-template/gameobject-loot-template.module.ts
FNF:0
FNH:0
DA:16,1
LF:1
LH:1
BRF:0
BRH:0
end_of_record
TN:
SF:apps/keira/src/app/features/gameobject/gameobject-loot-template/gameobject-loot-template.service.ts
FN:35,(anonymous_2)
FNF:1
FNH:1
FNDA:1,(anonymous_2)
DA:16,1
DA:36,1
LF:2
LH:2
BRF:0
BRH:0
end_of_record
TN:
SF:apps/keira/src/app/features/gameobject/gameobject-questitem/gameobject-questitem.component.ts
FNF:0
FNH:0
DA:13,1
LF:1
LH:1
BRF:0
BRH:0
end_of_record
TN:
SF:apps/keira/src/app/features/gameobject/gameobject-questitem/gameobject-questitem.module.ts
FNF:0
FNH:0
DA:32,1
LF:1
LH:1
BRF:0
BRH:0
end_of_record
TN:
SF:apps/keira/src/app/features/gameobject/gameobject-questitem/gameobject-questitem.service.ts
FNF:0
FNH:0
DA:14,1
LF:1
LH:1
BRF:0
BRH:0
end_of_record
TN:
SF:apps/keira/src/app/features/gameobject/gameobject-spawn/gameobject-spawn.component.ts
FNF:0
FNH:0
DA:15,1
LF:1
LH:1
BRF:0
BRH:0
end_of_record
TN:
SF:apps/keira/src/app/features/gameobject/gameobject-spawn/gameobject-spawn.module.ts
FNF:0
FNH:0
DA:38,1
LF:1
LH:1
BRF:0
BRH:0
end_of_record
TN:
SF:apps/keira/src/app/features/gameobject/gameobject-spawn/gameobject-spawn.service.ts
FNF:0
FNH:0
DA:9,1
LF:1
LH:1
BRF:0
BRH:0
end_of_record
TN:
SF:apps/keira/src/app/features/gameobject/gameobject-spawn-addon/gameobject-spawn-addon.component.ts
FNF:0
FNH:0
DA:13,1
LF:1
LH:1
BRF:0
BRH:0
end_of_record
TN:
SF:apps/keira/src/app/features/gameobject/gameobject-spawn-addon/gameobject-spawn-addon.module.ts
FNF:0
FNH:0
DA:30,1
LF:1
LH:1
BRF:0
BRH:0
end_of_record
TN:
SF:apps/keira/src/app/features/gameobject/gameobject-spawn-addon/gameobject-spawn-addon.service.ts
FN:19,(anonymous_2)
FNF:1
FNH:1
FNDA:1,(anonymous_2)
DA:9,1
DA:20,1
LF:2
LH:2
BRF:0
BRH:0
end_of_record
TN:
SF:apps/keira/src/app/features/gameobject/gameobject-template/gameobject-template.component.ts
FN:32,(anonymous_2)
FNF:1
FNH:1
FNDA:3313,(anonymous_2)
DA:17,1
DA:33,3313
LF:2
LH:2
BRF:0
BRH:0
end_of_record
TN:
SF:apps/keira/src/app/features/gameobject/gameobject-template/gameobject-template.module.ts
FNF:0
FNH:0
DA:30,1
LF:1
LH:1
BRF:0
BRH:0
end_of_record
TN:
SF:apps/keira/src/app/features/gameobject/gameobject-template/gameobject-template.service.ts
FN:35,(anonymous_2)
FNF:1
FNH:1
FNDA:3314,(anonymous_2)
DA:16,1
DA:36,3314
LF:2
LH:2
BRDA:36,0,0,1519
BRDA:36,0,1,1795
BRDA:36,1,0,3314
BRDA:36,1,1,3314
BRF:4
BRH:4
end_of_record
TN:
SF:apps/keira/src/app/features/gameobject/gameobject-template-addon/gameobject-template-addon.component.ts
FNF:0
FNH:0
DA:14,1
LF:1
LH:1
BRF:0
BRH:0
end_of_record
TN:
SF:apps/keira/src/app/features/gameobject/gameobject-template-addon/gameobject-template-addon.module.ts
FNF:0
FNH:0
DA:32,1
LF:1
LH:1
BRF:0
BRH:0
end_of_record
TN:
SF:apps/keira/src/app/features/gameobject/gameobject-template-addon/gameobject-template-addon.service.ts
FNF:0
FNH:0
DA:13,1
LF:1
LH:1
BRF:0
BRH:0
end_of_record
TN:
SF:apps/keira/src/app/features/gameobject/sai-gameobject/sai-gameobject-editor.service.ts
FNF:0
FNH:0
DA:9,1
LF:1
LH:1
BRF:0
BRH:0
end_of_record
TN:
SF:apps/keira/src/app/features/gameobject/sai-gameobject/sai-gameobject.component.ts
FNF:0
FNH:0
DA:12,1
LF:1
LH:1
BRF:0
BRH:0
end_of_record
TN:
SF:apps/keira/src/app/features/gameobject/sai-gameobject/sai-gameobject.module.ts
FNF:0
FNH:0
DA:36,1
LF:1
LH:1
BRF:0
BRH:0
end_of_record
TN:
SF:apps/keira/src/app/features/gameobject/select-gameobject/select-gameobject.component.ts
FNF:0
FNH:0
DA:19,1
LF:1
LH:1
BRF:0
BRH:0
end_of_record
TN:
SF:apps/keira/src/app/features/gameobject/select-gameobject/select-gameobject.module.ts
FNF:0
FNH:0
DA:28,1
LF:1
LH:1
BRF:0
BRH:0
end_of_record
TN:
SF:apps/keira/src/app/features/gameobject/select-gameobject/select-gameobject.service.ts
FNF:0
FNH:0
DA:14,1
LF:1
LH:1
BRF:0
BRH:0
end_of_record
TN:
SF:apps/keira/src/app/features/gossip/gossip-handler.service.ts
FN:9,(anonymous_2)
FN:12,(anonymous_3)
FNF:2
FNH:2
FNDA:3,(anonymous_2)
FNDA:3,(anonymous_3)
DA:8,1
DA:10,3
DA:13,3
LF:3
LH:3
BRF:0
BRH:0
end_of_record
TN:
SF:apps/keira/src/app/features/gossip/gossip-menu/gossip-menu.component.ts
FNF:0
FNH:0
DA:14,1
LF:1
LH:1
BRF:0
BRH:0
end_of_record
TN:
SF:apps/keira/src/app/features/gossip/gossip-menu/gossip-menu.module.ts
FNF:0
FNH:0
DA:32,1
LF:1
LH:1
BRF:0
BRH:0
end_of_record
TN:
SF:apps/keira/src/app/features/gossip/gossip-menu/gossip-menu.service.ts
FNF:0
FNH:0
DA:9,1
LF:1
LH:1
BRF:0
BRH:0
end_of_record
TN:
SF:apps/keira/src/app/features/gossip/gossip-menu-option/gossip-menu-option.component.ts
FNF:0
FNH:0
DA:15,1
LF:1
LH:1
BRF:0
BRH:0
end_of_record
TN:
SF:apps/keira/src/app/features/gossip/gossip-menu-option/gossip-menu-option.module.ts
FNF:0
FNH:0
DA:34,1
LF:1
LH:1
BRF:0
BRH:0
end_of_record
TN:
SF:apps/keira/src/app/features/gossip/gossip-menu-option/gossip-menu-option.service.ts
FNF:0
FNH:0
DA:14,1
LF:1
LH:1
BRF:0
BRH:0
end_of_record
TN:
SF:apps/keira/src/app/features/gossip/gossip-menu-option-preview/gossip-menu-option-preview.component.ts
FN:11,(anonymous_1)
FNF:1
FNH:1
FNDA:9,(anonymous_1)
DA:11,1
DA:13,9
DA:15,9
LF:3
LH:3
BRF:0
BRH:0
end_of_record
TN:
SF:apps/keira/src/app/features/gossip/gossip-menu-option-preview/gossip-menu-option-preview.module.ts
FNF:0
FNH:0
DA:12,1
LF:1
LH:1
BRF:0
BRH:0
end_of_record
TN:
SF:apps/keira/src/app/features/gossip/select-gossip/select-gossip.component.ts
FNF:0
FNH:0
DA:14,1
LF:1
LH:1
BRF:0
BRH:0
end_of_record
TN:
SF:apps/keira/src/app/features/gossip/select-gossip/select-gossip.module.ts
FNF:0
FNH:0
DA:28,1
LF:1
LH:1
BRF:0
BRH:0
end_of_record
TN:
SF:apps/keira/src/app/features/gossip/select-gossip/select-gossip.service.ts
FNF:0
FNH:0
DA:8,1
LF:1
LH:1
BRF:0
BRH:0
end_of_record
TN:
SF:apps/keira/src/app/features/item/item-handler.service.ts
FN:13,(anonymous_2)
FN:16,(anonymous_3)
FN:19,(anonymous_4)
FN:22,(anonymous_5)
FN:25,(anonymous_6)
FN:28,(anonymous_7)
FNF:6
FNH:6
FNDA:3,(anonymous_2)
FNDA:3,(anonymous_3)
FNDA:3,(anonymous_4)
FNDA:3,(anonymous_5)
FNDA:3,(anonymous_6)
FNDA:3,(anonymous_7)
DA:12,1
DA:14,3
DA:17,3
DA:20,3
DA:23,3
DA:26,3
DA:29,3
LF:7
LH:7
BRF:0
BRH:0
end_of_record
TN:
SF:apps/keira/src/app/features/item/disenchant-loot-template/disenchant-loot-template.component.ts
FNF:0
FNH:0
DA:12,1
LF:1
LH:1
BRF:0
BRH:0
end_of_record
TN:
SF:apps/keira/src/app/features/item/disenchant-loot-template/disenchant-loot-template.module.ts
FNF:0
FNH:0
DA:15,1
LF:1
LH:1
BRF:0
BRH:0
end_of_record
TN:
SF:apps/keira/src/app/features/item/disenchant-loot-template/disenchant-loot-template.service.ts
FNF:0
FNH:0
DA:10,1
LF:1
LH:1
BRF:0
BRH:0
end_of_record
TN:
SF:apps/keira/src/app/features/item/item-enchantment/item-enchantment-template.component.ts
FNF:0
FNH:0
DA:13,1
LF:1
LH:1
BRF:0
BRH:0
end_of_record
TN:
SF:apps/keira/src/app/features/item/item-enchantment/item-enchantment-template.module.ts
FNF:0
FNH:0
DA:28,1
LF:1
LH:1
BRF:0
BRH:0
end_of_record
TN:
SF:apps/keira/src/app/features/item/item-enchantment/item-enchantment-template.service.ts
FNF:0
FNH:0
DA:14,1
LF:1
LH:1
BRF:0
BRH:0
end_of_record
TN:
SF:apps/keira/src/app/features/item/item-loot-template/item-loot-template.component.ts
FNF:0
FNH:0
DA:12,1
LF:1
LH:1
BRF:0
BRH:0
end_of_record
TN:
SF:apps/keira/src/app/features/item/item-loot-template/item-loot-template.module.ts
FNF:0
FNH:0
DA:14,1
LF:1
LH:1
BRF:0
BRH:0
end_of_record
TN:
SF:apps/keira/src/app/features/item/item-loot-template/item-loot-template.service.ts
FNF:0
FNH:0
DA:10,1
LF:1
LH:1
BRF:0
BRH:0
end_of_record
TN:
SF:apps/keira/src/app/features/item/item-template/item-constants.ts
FNF:0
FNH:0
DA:1,1
DA:271,1
LF:2
LH:2
BRF:0
BRH:0
end_of_record
TN:
SF:apps/keira/src/app/features/item/item-template/item-preview.service.ts
FN:31,(anonymous_2)
FN:35,(anonymous_3)
FN:39,(anonymous_4)
FN:43,(anonymous_5)
FN:47,(anonymous_6)
FN:51,(anonymous_7)
FN:55,(anonymous_8)
FN:59,(anonymous_9)
FN:63,(anonymous_10)
FN:98,(anonymous_11)
FN:134,(anonymous_12)
FN:153,(anonymous_13)
FN:189,(anonymous_14)
FN:224,(anonymous_15)
FN:243,(anonymous_16)
FN:254,(anonymous_17)
FN:307,(anonymous_18)
FN:469,(anonymous_19)
FN:540,(anonymous_20)
FN:573,(anonymous_21)
FN:737,(anonymous_22)
FN:775,(anonymous_23)
FN:814,(anonymous_24)
FN:839,(anonymous_25)
FN:845,(anonymous_26)
FN:852,(anonymous_27)
FN:926,(anonymous_28)
FN:944,(anonymous_29)
FN:960,(anonymous_30)
FN:964,(anonymous_31)
FN:974,(anonymous_32)
FN:1009,(anonymous_33)
FN:1084,(anonymous_34)
FN:1115,(anonymous_35)
FN:1157,(anonymous_36)
FN:1220,(anonymous_37)
FN:1236,(anonymous_38)
FNF:37
FNH:37
FNDA:10,(anonymous_2)
FNDA:9,(anonymous_3)
FNDA:7,(anonymous_4)
FNDA:4,(anonymous_5)
FNDA:22,(anonymous_6)
FNDA:8,(anonymous_7)
FNDA:5,(anonymous_8)
FNDA:4,(anonymous_9)
FNDA:14,(anonymous_10)
FNDA:6,(anonymous_11)
FNDA:19,(anonymous_12)
FNDA:30,(anonymous_13)
FNDA:30,(anonymous_14)
FNDA:7,(anonymous_15)
FNDA:121,(anonymous_16)
FNDA:5,(anonymous_17)
FNDA:113,(anonymous_18)
FNDA:121,(anonymous_19)
FNDA:113,(anonymous_20)
FNDA:113,(anonymous_21)
FNDA:121,(anonymous_22)
FNDA:121,(anonymous_23)
FNDA:121,(anonymous_24)
FNDA:113,(anonymous_25)
FNDA:4,(anonymous_26)
FNDA:3,(anonymous_27)
FNDA:121,(anonymous_28)
FNDA:121,(anonymous_29)
FNDA:113,(anonymous_30)
FNDA:678,(anonymous_31)
FNDA:113,(anonymous_32)
FNDA:121,(anonymous_33)
FNDA:113,(anonymous_34)
FNDA:113,(anonymous_35)
FNDA:113,(anonymous_36)
FNDA:113,(anonymous_37)
FNDA:121,(anonymous_38)
DA:17,1
DA:32,10
DA:36,9
DA:40,7
DA:44,4
DA:48,22
DA:52,8
DA:56,5
DA:60,4
DA:64,14
DA:99,6
DA:100,6
DA:108,6
DA:109,1
DA:112,6
DA:114,5
DA:115,2
DA:116,3
DA:117,1
DA:118,2
DA:119,1
DA:121,1
DA:124,5
DA:127,6
DA:128,5
DA:131,6
DA:136,19
DA:139,19
DA:140,11
DA:143,8
DA:145,2
DA:149,6
DA:150,6
DA:154,30
DA:162,30
DA:163,8
DA:164,8
DA:167,30
DA:168,2
DA:169,2
DA:172,30
DA:173,4
DA:174,4
DA:177,30
DA:178,3
DA:179,3
DA:182,30
DA:183,3
DA:186,30
DA:190,30
DA:191,30
DA:193,30
DA:195,2
DA:197,28
DA:199,2
DA:201,26
DA:203,2
DA:205,24
DA:206,2
DA:208,22
DA:209,2
DA:211,20
DA:212,4
DA:214,16
DA:215,2
DA:217,14
DA:218,3
DA:221,11
DA:226,7
DA:227,4
DA:231,3
DA:232,1
DA:236,2
DA:237,1
DA:240,1
DA:246,121
DA:247,115
DA:251,6
DA:260,5
DA:262,5
DA:263,2
DA:266,3
DA:268,3
DA:269,15
DA:270,15
DA:271,15
DA:273,15
DA:275,15
DA:277,4
DA:279,4
DA:280,1
DA:282,11
DA:286,9
DA:287,4
DA:290,5
DA:292,5
DA:293,4
DA:296,2
DA:299,8
DA:302,3
DA:308,113
DA:309,100
DA:312,13
DA:313,13
DA:314,13
DA:315,13
DA:317,13
DA:318,7
DA:321,6
DA:323,4
DA:324,4
DA:337,6
DA:342,4
DA:343,4
DA:346,4
DA:348,4
DA:349,4
DA:357,6
DA:359,6
DA:360,4
DA:361,4
DA:362,4
DA:364,4
DA:365,4
DA:368,4
DA:380,4
DA:381,3
DA:384,4
DA:385,3
DA:388,4
DA:389,20
DA:390,15
DA:391,15
DA:396,4
DA:397,2
DA:398,1
DA:402,4
DA:404,4
DA:407,4
DA:412,6
DA:413,6
DA:414,4
DA:415,4
DA:416,4
DA:417,38
DA:418,15
DA:419,45
DA:420,15
DA:421,15
DA:423,15
DA:428,4
DA:430,4
DA:432,4
DA:436,6
DA:438,6
DA:439,6
DA:440,4
DA:441,4
DA:442,4
DA:445,4
DA:451,3
DA:462,6
DA:471,121
DA:472,121
DA:473,121
DA:474,121
DA:475,121
DA:476,121
DA:477,121
DA:478,121
DA:479,121
DA:480,121
DA:481,121
DA:482,121
DA:484,121
DA:485,121
DA:487,121
DA:488,2
DA:489,1
DA:491,1
DA:493,119
DA:494,7
DA:495,3
DA:499,4
DA:505,7
DA:506,3
DA:510,4
DA:526,7
DA:527,3
DA:531,7
DA:532,7
DA:533,1
DA:537,121
DA:541,113
DA:543,113
DA:545,113
DA:546,1130
DA:547,1130
DA:549,1130
DA:550,1109
DA:553,21
DA:562,2
DA:563,2
DA:566,19
DA:570,113
DA:574,113
DA:575,104
DA:578,9
DA:580,9
DA:582,9
DA:583,1
DA:587,8
DA:589,8
DA:590,1
DA:592,7
DA:593,7
DA:594,12
DA:595,2
DA:596,2
DA:598,10
DA:604,8
DA:606,8
DA:608,3
DA:609,3
DA:610,3
DA:611,9
DA:612,6
DA:613,6
DA:616,9
DA:617,9
DA:618,1
DA:623,3
DA:624,3
DA:625,20
DA:626,19
DA:627,19
DA:630,20
DA:633,20
DA:634,20
DA:638,5
DA:639,6
DA:643,8
DA:646,8
DA:648,8
DA:649,2
DA:652,6
DA:653,17
DA:656,6
DA:658,6
DA:659,2
DA:661,4
DA:664,4
DA:673,4
DA:674,2
DA:676,2
DA:677,1
DA:682,4
DA:685,4
DA:687,4
DA:688,32
DA:690,32
DA:691,3
DA:695,4
DA:696,4
DA:697,2
DA:698,2
DA:699,3
DA:708,4
DA:709,4
DA:710,3
DA:711,4
DA:712,1
DA:715,3
DA:716,3
DA:717,3
DA:721,3
DA:725,3
DA:726,1
DA:730,4
DA:731,1
DA:734,4
DA:738,121
DA:740,121
DA:741,121
DA:742,121
DA:743,121
DA:744,121
DA:747,121
DA:748,2
DA:749,119
DA:750,1
DA:754,121
DA:755,1
DA:756,120
DA:758,2
DA:759,118
DA:760,1
DA:761,117
DA:762,3
DA:764,3
DA:765,2
DA:767,2
DA:768,2
DA:772,121
DA:776,121
DA:778,121
DA:779,121
DA:780,9
DA:783,9
DA:784,1
DA:785,1
DA:790,9
DA:791,1
DA:800,9
DA:802,9
DA:803,5
DA:807,112
DA:808,1
DA:811,121
DA:815,121
DA:818,121
DA:819,121
DA:820,121
DA:821,121
DA:822,1
DA:826,120
DA:827,2
DA:831,121
DA:832,121
DA:833,2
DA:836,121
DA:840,113
DA:843,113
DA:844,113
DA:845,4
DA:849,113
DA:850,113
DA:851,5
DA:852,3
DA:854,5
DA:858,113
DA:859,1
DA:865,113
DA:866,1
DA:868,112
DA:869,9
DA:873,113
DA:875,113
DA:876,3
DA:880,113
DA:881,113
DA:882,113
DA:883,1
DA:887,113
DA:888,113
DA:889,113
DA:890,3
DA:893,3
DA:894,3
DA:895,2
DA:898,3
DA:903,113
DA:904,113
DA:905,2
DA:909,113
DA:910,113
DA:911,113
DA:912,3
DA:915,3
DA:916,3
DA:917,2
DA:919,3
DA:923,113
DA:927,121
DA:930,121
DA:931,3
DA:932,3
DA:936,121
DA:937,3
DA:938,3
DA:941,121
DA:945,121
DA:948,121
DA:949,20
DA:950,20
DA:952,2
DA:954,20
DA:957,121
DA:961,113
DA:964,113
DA:965,678
DA:966,678
DA:967,8
DA:971,113
DA:975,113
DA:977,113
DA:978,113
DA:979,113
DA:982,113
DA:983,2
DA:987,113
DA:988,113
DA:989,2
DA:993,113
DA:994,113
DA:995,3
DA:996,3
DA:997,1
DA:1001,3
DA:1002,3
DA:1006,113
DA:1010,121
DA:1011,100
DA:1014,21
DA:1015,21
DA:1017,13
DA:1018,7
DA:1019,7
DA:1020,1
DA:1023,6
DA:1025,6
DA:1026,3
DA:1030,6
DA:1031,3
DA:1032,3
DA:1033,1
DA:1036,2
DA:1038,2
DA:1039,1
DA:1040,5
DA:1042,5
DA:1043,2
DA:1046,3
DA:1047,3
DA:1048,3
DA:1050,3
DA:1052,3
DA:1055,1
DA:1056,1
DA:1058,1
DA:1059,1
DA:1061,1
DA:1064,3
DA:1065,1
DA:1068,2
DA:1075,2
DA:1081,11
DA:1085,113
DA:1088,113
DA:1089,339
DA:1091,339
DA:1092,334
DA:1095,5
DA:1096,5
DA:1097,20
DA:1098,11
DA:1102,5
DA:1105,113
DA:1106,113
DA:1107,2
DA:1108,2
DA:1109,2
DA:1112,113
DA:1116,113
DA:1117,113
DA:1119,113
DA:1120,111
DA:1121,111
DA:1122,555
DA:1124,555
DA:1125,17
DA:1126,17
DA:1128,17
DA:1129,1
DA:1132,17
DA:1134,17
DA:1138,111
DA:1139,10
DA:1140,10
DA:1141,12
DA:1142,12
DA:1160,113
DA:1164,113
DA:1165,113
DA:1167,113
DA:1168,107
DA:1171,6
DA:1172,2
DA:1174,2
DA:1180,2
DA:1182,2
DA:1183,1
DA:1216,6
DA:1221,113
DA:1223,113
DA:1224,5
DA:1226,5
DA:1227,3
DA:1228,2
DA:1229,1
DA:1233,113
DA:1237,121
DA:1238,121
DA:1240,121
DA:1241,121
DA:1242,121
DA:1245,121
DA:1246,121
DA:1247,4
DA:1251,121
DA:1252,1
DA:1255,121
DA:1258,121
DA:1259,2
DA:1262,121
DA:1263,121
DA:1266,121
DA:1267,121
DA:1268,2
DA:1269,2
DA:1273,121
DA:1274,121
DA:1275,2
DA:1279,121
DA:1280,121
DA:1281,3
DA:1282,3
DA:1285,121
DA:1286,121
DA:1287,121
DA:1290,121
DA:1293,113
DA:1294,113
DA:1295,113
DA:1296,3
DA:1300,113
DA:1302,113
DA:1305,113
DA:1308,113
DA:1309,113
DA:1310,2
DA:1313,113
DA:1315,113
DA:1316,113
DA:1319,113
DA:1321,113
DA:1322,19
DA:1323,31
DA:1324,20
DA:1329,113
DA:1332,113
DA:1334,113
DA:1336,113
DA:1337,113
DA:1338,4
DA:1341,113
LF:556
LH:556
BRDA:108,0,0,1
BRDA:108,1,0,6
BRDA:108,1,1,4
BRDA:112,2,0,5
BRDA:114,3,0,2
BRDA:114,3,1,3
BRDA:116,4,0,1
BRDA:116,4,1,2
BRDA:118,5,0,1
BRDA:118,5,1,1
BRDA:127,6,0,5
BRDA:136,7,0,18
BRDA:136,7,1,1
BRDA:139,8,0,11
BRDA:139,9,0,19
BRDA:139,9,1,18
BRDA:139,9,2,8
BRDA:139,9,3,8
BRDA:143,10,0,2
BRDA:162,11,0,8
BRDA:167,12,0,2
BRDA:172,13,0,4
BRDA:177,14,0,3
BRDA:182,15,0,3
BRDA:193,16,0,2
BRDA:193,17,0,30
BRDA:193,17,1,7
BRDA:195,18,0,1
BRDA:195,18,1,1
BRDA:195,19,0,2
BRDA:195,19,1,1
BRDA:197,20,0,2
BRDA:197,21,0,28
BRDA:197,21,1,5
BRDA:199,22,0,1
BRDA:199,22,1,1
BRDA:199,23,0,2
BRDA:199,23,1,1
BRDA:201,24,0,2
BRDA:201,25,0,26
BRDA:201,25,1,3
BRDA:203,26,0,1
BRDA:203,26,1,1
BRDA:203,27,0,2
BRDA:203,27,1,1
BRDA:205,28,0,2
BRDA:206,29,0,1
BRDA:206,29,1,1
BRDA:206,30,0,2
BRDA:206,30,1,1
BRDA:208,31,0,2
BRDA:209,32,0,1
BRDA:209,32,1,1
BRDA:209,33,0,2
BRDA:209,33,1,1
BRDA:211,34,0,4
BRDA:212,35,0,1
BRDA:212,35,1,3
BRDA:212,36,0,4
BRDA:212,36,1,1
BRDA:214,37,0,2
BRDA:215,38,0,1
BRDA:215,38,1,1
BRDA:215,39,0,2
BRDA:215,39,1,1
BRDA:217,40,0,3
BRDA:218,41,0,2
BRDA:218,41,1,1
BRDA:226,42,0,4
BRDA:231,43,0,1
BRDA:236,44,0,1
BRDA:243,45,0,106
BRDA:246,46,0,115
BRDA:262,47,0,2
BRDA:275,48,0,4
BRDA:275,48,1,11
BRDA:279,49,0,1
BRDA:282,50,0,9
BRDA:282,50,1,2
BRDA:286,51,0,4
BRDA:286,52,0,9
BRDA:286,52,1,5
BRDA:292,53,0,4
BRDA:308,54,0,100
BRDA:317,55,0,7
BRDA:323,56,0,4
BRDA:337,57,0,4
BRDA:346,58,0,4
BRDA:346,59,0,4
BRDA:346,59,1,4
BRDA:364,60,0,4
BRDA:364,61,0,4
BRDA:364,61,1,4
BRDA:370,62,0,4
BRDA:374,63,0,4
BRDA:376,64,0,4
BRDA:380,65,0,3
BRDA:384,66,0,3
BRDA:389,67,0,15
BRDA:389,68,0,20
BRDA:389,68,1,15
BRDA:389,68,2,15
BRDA:396,69,0,2
BRDA:396,70,0,4
BRDA:396,70,1,4
BRDA:397,71,0,1
BRDA:412,72,0,6
BRDA:417,73,0,15
BRDA:419,74,0,15
BRDA:445,75,0,3
BRDA:446,76,0,4
BRDA:446,76,1,4
BRDA:482,77,0,18
BRDA:482,77,1,103
BRDA:487,78,0,2
BRDA:487,78,1,119
BRDA:487,79,0,121
BRDA:487,79,1,4
BRDA:487,79,2,2
BRDA:488,80,0,1
BRDA:488,80,1,1
BRDA:488,81,0,2
BRDA:488,81,1,1
BRDA:488,81,2,1
BRDA:493,82,0,7
BRDA:494,83,0,3
BRDA:494,83,1,4
BRDA:495,84,0,1
BRDA:495,84,1,2
BRDA:497,85,0,1
BRDA:497,85,1,2
BRDA:497,86,0,3
BRDA:497,86,1,1
BRDA:497,86,2,1
BRDA:499,87,0,2
BRDA:499,87,1,2
BRDA:502,88,0,1
BRDA:502,88,1,3
BRDA:502,89,0,4
BRDA:502,89,1,2
BRDA:502,89,2,1
BRDA:505,90,0,3
BRDA:505,90,1,4
BRDA:526,91,0,3
BRDA:532,92,0,1
BRDA:549,93,0,1109
BRDA:549,94,0,1130
BRDA:549,94,1,21
BRDA:549,94,2,21
BRDA:553,95,0,2
BRDA:553,95,1,2
BRDA:553,95,2,2
BRDA:553,95,3,2
BRDA:553,95,4,2
BRDA:553,95,5,2
BRDA:553,95,6,2
BRDA:553,95,7,19
BRDA:562,96,0,1
BRDA:562,96,1,1
BRDA:574,97,0,104
BRDA:582,98,0,1
BRDA:582,99,0,9
BRDA:582,99,1,8
BRDA:589,100,0,1
BRDA:589,100,1,7
BRDA:589,101,0,8
BRDA:589,101,1,8
BRDA:594,102,0,2
BRDA:594,102,1,10
BRDA:606,103,0,3
BRDA:606,103,1,5
BRDA:611,104,0,6
BRDA:617,105,0,1
BRDA:625,106,0,19
BRDA:633,107,0,20
BRDA:648,108,0,2
BRDA:648,109,0,8
BRDA:648,109,1,7
BRDA:648,109,2,7
BRDA:653,110,0,17
BRDA:653,110,1,1
BRDA:658,111,0,2
BRDA:658,111,1,4
BRDA:658,112,0,6
BRDA:658,112,1,4
BRDA:658,112,2,4
BRDA:667,113,0,4
BRDA:667,113,1,1
BRDA:673,114,0,2
BRDA:676,115,0,1
BRDA:690,116,0,3
BRDA:696,117,0,2
BRDA:696,118,0,4
BRDA:696,118,1,4
BRDA:711,119,0,1
BRDA:721,120,0,1
BRDA:721,120,1,2
BRDA:721,121,0,3
BRDA:721,121,1,1
BRDA:725,122,0,1
BRDA:730,123,0,1
BRDA:747,124,0,2
BRDA:747,124,1,119
BRDA:747,125,0,121
BRDA:747,125,1,2
BRDA:749,126,0,1
BRDA:749,127,0,119
BRDA:749,127,1,2
BRDA:754,128,0,1
BRDA:754,128,1,120
BRDA:756,129,0,2
BRDA:756,129,1,118
BRDA:756,130,0,120
BRDA:756,130,1,2
BRDA:759,131,0,1
BRDA:759,131,1,117
BRDA:761,132,0,3
BRDA:764,133,0,2
BRDA:764,134,0,3
BRDA:764,134,1,3
BRDA:767,135,0,1
BRDA:767,135,1,1
BRDA:767,136,0,2
BRDA:767,136,1,2
BRDA:779,137,0,9
BRDA:779,137,1,112
BRDA:783,138,0,1
BRDA:783,139,0,9
BRDA:783,139,1,1
BRDA:790,140,0,1
BRDA:790,141,0,9
BRDA:790,141,1,1
BRDA:802,142,0,5
BRDA:807,143,0,1
BRDA:807,144,0,112
BRDA:807,144,1,2
BRDA:807,144,2,1
BRDA:821,145,0,1
BRDA:821,145,1,120
BRDA:821,146,0,121
BRDA:821,146,1,1
BRDA:821,146,2,1
BRDA:826,147,0,2
BRDA:832,148,0,2
BRDA:844,149,0,2
BRDA:844,150,0,113
BRDA:844,150,1,111
BRDA:850,151,0,5
BRDA:851,152,0,3
BRDA:858,153,0,1
BRDA:858,154,0,113
BRDA:858,154,1,2
BRDA:858,154,2,1
BRDA:865,155,0,1
BRDA:865,155,1,112
BRDA:865,156,0,113
BRDA:865,156,1,2
BRDA:868,157,0,9
BRDA:875,158,0,3
BRDA:875,159,0,113
BRDA:875,159,1,6
BRDA:875,159,2,6
BRDA:875,159,3,4
BRDA:875,159,4,4
BRDA:882,160,0,1
BRDA:882,161,0,113
BRDA:882,161,1,2
BRDA:889,162,0,3
BRDA:889,163,0,113
BRDA:889,163,1,3
BRDA:893,164,0,3
BRDA:894,165,0,2
BRDA:904,166,0,2
BRDA:904,167,0,113
BRDA:904,167,1,2
BRDA:911,168,0,3
BRDA:911,169,0,113
BRDA:911,169,1,3
BRDA:915,170,0,3
BRDA:916,171,0,2
BRDA:930,172,0,3
BRDA:932,173,0,2
BRDA:932,173,1,1
BRDA:932,174,0,3
BRDA:932,174,1,2
BRDA:936,175,0,3
BRDA:938,176,0,2
BRDA:938,176,1,1
BRDA:938,177,0,3
BRDA:938,177,1,2
BRDA:948,178,0,20
BRDA:950,179,0,2
BRDA:966,180,0,8
BRDA:966,181,0,678
BRDA:966,181,1,678
BRDA:966,181,2,14
BRDA:982,182,0,2
BRDA:982,183,0,113
BRDA:982,183,1,2
BRDA:988,184,0,2
BRDA:994,185,0,3
BRDA:996,186,0,1
BRDA:1001,187,0,3
BRDA:1001,188,0,3
BRDA:1001,188,1,3
BRDA:1006,189,0,3
BRDA:1006,189,1,110
BRDA:1010,190,0,100
BRDA:1017,191,0,7
BRDA:1019,192,0,1
BRDA:1019,193,0,7
BRDA:1019,193,1,6
BRDA:1019,193,2,6
BRDA:1025,194,0,3
BRDA:1025,195,0,6
BRDA:1025,195,1,3
BRDA:1030,196,0,3
BRDA:1032,197,0,1
BRDA:1032,198,0,3
BRDA:1032,198,1,3
BRDA:1032,198,2,3
BRDA:1038,199,0,1
BRDA:1042,200,0,2
BRDA:1052,201,0,1
BRDA:1052,201,1,1
BRDA:1052,201,2,1
BRDA:1052,201,3,1
BRDA:1064,202,0,1
BRDA:1064,203,0,3
BRDA:1064,203,1,1
BRDA:1091,204,0,334
BRDA:1097,205,0,11
BRDA:1106,206,0,2
BRDA:1119,207,0,111
BRDA:1124,208,0,17
BRDA:1128,209,0,1
BRDA:1132,210,0,7
BRDA:1132,210,1,10
BRDA:1138,211,0,10
BRDA:1138,212,0,111
BRDA:1138,212,1,111
BRDA:1167,213,0,107
BRDA:1167,214,0,113
BRDA:1167,214,1,11
BRDA:1171,215,0,2
BRDA:1174,216,0,2
BRDA:1182,217,0,1
BRDA:1223,218,0,5
BRDA:1226,219,0,3
BRDA:1226,219,1,2
BRDA:1226,220,0,5
BRDA:1226,220,1,5
BRDA:1228,221,0,1
BRDA:1246,222,0,4
BRDA:1247,223,0,3
BRDA:1247,223,1,1
BRDA:1251,224,0,1
BRDA:1251,225,0,121
BRDA:1251,225,1,1
BRDA:1258,226,0,2
BRDA:1267,227,0,2
BRDA:1274,228,0,2
BRDA:1274,229,0,121
BRDA:1274,229,1,2
BRDA:1280,230,0,3
BRDA:1281,231,0,2
BRDA:1281,231,1,1
BRDA:1282,232,0,3
BRDA:1282,232,1,1
BRDA:1295,233,0,3
BRDA:1295,234,0,113
BRDA:1295,234,1,111
BRDA:1309,235,0,2
BRDA:1321,236,0,19
BRDA:1321,237,0,113
BRDA:1321,237,1,113
BRDA:1323,238,0,20
BRDA:1337,239,0,4
BRDA:1337,240,0,113
BRDA:1337,240,1,5
BRF:380
BRH:380
end_of_record
TN:
SF:apps/keira/src/app/features/item/item-template/item-preview.ts
FNF:0
FNH:0
DA:23,1
DA:25,1
DA:37,1
DA:67,1
LF:4
LH:4
BRF:0
BRH:0
end_of_record
TN:
SF:apps/keira/src/app/features/item/item-template/item-template.component.ts
FN:76,(anonymous_2)
FN:83,(anonymous_3)
FN:98,(anonymous_4)
FNF:3
FNH:3
FNDA:10,(anonymous_2)
FNDA:9,(anonymous_3)
FNDA:9,(anonymous_4)
DA:38,1
DA:77,10
DA:80,2
DA:84,9
DA:99,9
DA:101,9
DA:102,9
LF:7
LH:7
BRF:0
BRH:0
end_of_record
TN:
SF:apps/keira/src/app/features/item/item-template/item-template.module.ts
FNF:0
FNH:0
DA:55,1
LF:1
LH:1
BRF:0
BRH:0
end_of_record
TN:
SF:apps/keira/src/app/features/item/item-template/item-template.service.ts
FNF:0
FNH:0
DA:9,1
LF:1
LH:1
BRF:0
BRH:0
end_of_record
TN:
SF:apps/keira/src/app/features/item/milling-loot-template/milling-loot-template.component.ts
FNF:0
FNH:0
DA:12,1
LF:1
LH:1
BRF:0
BRH:0
end_of_record
TN:
SF:apps/keira/src/app/features/item/milling-loot-template/milling-loot-template.module.ts
FNF:0
FNH:0
DA:14,1
LF:1
LH:1
BRF:0
BRH:0
end_of_record
TN:
SF:apps/keira/src/app/features/item/milling-loot-template/milling-loot-template.service.ts
FNF:0
FNH:0
DA:10,1
LF:1
LH:1
BRF:0
BRH:0
end_of_record
TN:
SF:apps/keira/src/app/features/item/prospecting-loot-template/prospecting-loot-template.component.ts
FNF:0
FNH:0
DA:12,1
LF:1
LH:1
BRF:0
BRH:0
end_of_record
TN:
SF:apps/keira/src/app/features/item/prospecting-loot-template/prospecting-loot-template.module.ts
FNF:0
FNH:0
DA:14,1
LF:1
LH:1
BRF:0
BRH:0
end_of_record
TN:
SF:apps/keira/src/app/features/item/prospecting-loot-template/prospecting-loot-template.service.ts
FNF:0
FNH:0
DA:10,1
LF:1
LH:1
BRF:0
BRH:0
end_of_record
TN:
SF:apps/keira/src/app/features/item/select-item/select-item.component.ts
FNF:0
FNH:0
DA:14,1
LF:1
LH:1
BRF:0
BRH:0
end_of_record
TN:
SF:apps/keira/src/app/features/item/select-item/select-item.module.ts
FNF:0
FNH:0
DA:30,1
LF:1
LH:1
BRF:0
BRH:0
end_of_record
TN:
SF:apps/keira/src/app/features/item/select-item/select-item.service.ts
FNF:0
FNH:0
DA:14,1
LF:1
LH:1
BRF:0
BRH:0
end_of_record
TN:
SF:apps/keira/src/app/features/model-3d-viewer/model-3d-viewer.component.ts
FN:38,(anonymous_2)
FN:44,(anonymous_3)
FN:57,(anonymous_4)
FN:60,(anonymous_5)
FN:71,(anonymous_6)
FN:77,(anonymous_7)
FN:96,(anonymous_8)
FN:102,(anonymous_9)
FN:117,(anonymous_10)
FN:123,(anonymous_11)
FN:131,(anonymous_12)
FN:178,(anonymous_13)
FN:180,(anonymous_14)
FN:180,(anonymous_15)
FN:196,(anonymous_16)
FN:203,(anonymous_17)
FNF:16
FNH:15
FNDA:35,(anonymous_2)
FNDA:34,(anonymous_3)
FNDA:9,(anonymous_4)
FNDA:3,(anonymous_5)
FNDA:3,(anonymous_6)
FNDA:1,(anonymous_7)
FNDA:1,(anonymous_8)
FNDA:5,(anonymous_9)
FNDA:5,(anonymous_10)
FNDA:3,(anonymous_11)
FNDA:11,(anonymous_12)
FNDA:34,(anonymous_13)
FNDA:34,(anonymous_14)
FNDA:0,(anonymous_15)
FNDA:78,(anonymous_16)
FNDA:35,(anonymous_17)
DA:18,1
DA:39,35
DA:40,35
DA:41,35
DA:45,34
DA:52,8
DA:53,8
DA:58,9
DA:59,3
DA:61,3
DA:62,1
DA:67,6
DA:72,3
DA:78,1
DA:80,1
DA:97,1
DA:107,5
DA:109,5
DA:124,3
DA:125,2
DA:128,1
DA:132,11
DA:133,4
DA:134,4
DA:135,1
DA:138,3
DA:139,1
DA:142,2
DA:143,1
DA:147,8
DA:148,2
DA:151,6
DA:152,5
DA:155,1
DA:179,34
DA:180,34
DA:197,78
DA:198,2
DA:200,78
DA:204,35
DA:205,35
LF:41
LH:41
BRDA:45,0,0,8
BRDA:46,1,0,34
BRDA:46,1,1,25
BRDA:46,1,2,8
BRDA:46,1,3,8
BRDA:46,1,4,8
BRDA:58,2,0,3
BRDA:58,2,1,6
BRDA:61,3,0,1
BRDA:61,4,0,3
BRDA:61,4,1,1
BRDA:103,5,0,5
BRDA:104,6,0,5
BRDA:105,7,0,5
BRDA:124,8,0,2
BRDA:124,9,0,3
BRDA:124,9,1,2
BRDA:131,10,0,8
BRDA:131,11,0,8
BRDA:132,12,0,4
BRDA:134,13,0,1
BRDA:138,14,0,1
BRDA:142,15,0,1
BRDA:147,16,0,2
BRDA:151,17,0,5
BRF:25
BRH:25
end_of_record
TN:
SF:apps/keira/src/app/features/model-3d-viewer/model-3d-viewer.model.ts
FNF:0
FNH:0
DA:8,1
DA:36,1
DA:38,1
DA:51,1
DA:91,1
LF:5
LH:5
BRF:0
BRH:0
end_of_record
TN:
SF:apps/keira/src/app/features/model-3d-viewer/model-3d-viewer.module.ts
FNF:0
FNH:0
DA:13,1
LF:1
LH:1
BRF:0
BRH:0
end_of_record
TN:
SF:apps/keira/src/app/features/other-loots/fishing-loot/fishing-loot-handler.service.ts
FN:8,(anonymous_2)
FNF:1
FNH:1
FNDA:3,(anonymous_2)
DA:7,1
DA:9,3
LF:2
LH:2
BRF:0
BRH:0
end_of_record
TN:
SF:apps/keira/src/app/features/other-loots/fishing-loot/fishing-loot-template.component.ts
FNF:0
FNH:0
DA:12,1
LF:1
LH:1
BRF:0
BRH:0
end_of_record
TN:
SF:apps/keira/src/app/features/other-loots/fishing-loot/fishing-loot-template.module.ts
FNF:0
FNH:0
DA:16,1
DA:33,1
LF:2
LH:2
BRF:0
BRH:0
end_of_record
TN:
SF:apps/keira/src/app/features/other-loots/fishing-loot/fishing-loot-template.service.ts
FNF:0
FNH:0
DA:10,1
LF:1
LH:1
BRF:0
BRH:0
end_of_record
TN:
SF:apps/keira/src/app/features/other-loots/fishing-loot/select-fishing-loot.component.ts
FNF:0
FNH:0
DA:18,1
LF:1
LH:1
BRF:0
BRH:0
end_of_record
TN:
SF:apps/keira/src/app/features/other-loots/fishing-loot/select-fishing-loot.service.ts
FNF:0
FNH:0
DA:9,1
LF:1
LH:1
BRF:0
BRH:0
end_of_record
TN:
SF:apps/keira/src/app/features/other-loots/mail-loot/mail-loot-handler.service.ts
FN:8,(anonymous_2)
FNF:1
FNH:1
FNDA:3,(anonymous_2)
DA:7,1
DA:9,3
LF:2
LH:2
BRF:0
BRH:0
end_of_record
TN:
SF:apps/keira/src/app/features/other-loots/mail-loot/mail-loot-template.component.ts
FNF:0
FNH:0
DA:12,1
LF:1
LH:1
BRF:0
BRH:0
end_of_record
TN:
SF:apps/keira/src/app/features/other-loots/mail-loot/mail-loot-template.module.ts
FNF:0
FNH:0
DA:16,1
DA:33,1
LF:2
LH:2
BRF:0
BRH:0
end_of_record
TN:
SF:apps/keira/src/app/features/other-loots/mail-loot/mail-loot-template.service.ts
FNF:0
FNH:0
DA:10,1
LF:1
LH:1
BRF:0
BRH:0
end_of_record
TN:
SF:apps/keira/src/app/features/other-loots/mail-loot/select-mail-loot.component.ts
FNF:0
FNH:0
DA:14,1
LF:1
LH:1
BRF:0
BRH:0
end_of_record
TN:
SF:apps/keira/src/app/features/other-loots/mail-loot/select-mail-loot.service.ts
FNF:0
FNH:0
DA:9,1
LF:1
LH:1
BRF:0
BRH:0
end_of_record
TN:
SF:apps/keira/src/app/features/other-loots/reference-loot/reference-loot-handler.service.ts
FN:8,(anonymous_2)
FNF:1
FNH:1
FNDA:3,(anonymous_2)
DA:7,1
DA:9,3
LF:2
LH:2
BRF:0
BRH:0
end_of_record
TN:
SF:apps/keira/src/app/features/other-loots/reference-loot/reference-loot-template.component.ts
FNF:0
FNH:0
DA:12,1
LF:1
LH:1
BRF:0
BRH:0
end_of_record
TN:
SF:apps/keira/src/app/features/other-loots/reference-loot/reference-loot-template.module.ts
FNF:0
FNH:0
DA:16,1
DA:33,1
LF:2
LH:2
BRF:0
BRH:0
end_of_record
TN:
SF:apps/keira/src/app/features/other-loots/reference-loot/reference-loot-template.service.ts
FNF:0
FNH:0
DA:10,1
LF:1
LH:1
BRF:0
BRH:0
end_of_record
TN:
SF:apps/keira/src/app/features/other-loots/reference-loot/select-reference-loot.component.ts
FNF:0
FNH:0
DA:18,1
LF:1
LH:1
BRF:0
BRH:0
end_of_record
TN:
SF:apps/keira/src/app/features/other-loots/reference-loot/select-reference-loot.service.ts
FNF:0
FNH:0
DA:9,1
LF:1
LH:1
BRF:0
BRH:0
end_of_record
TN:
SF:apps/keira/src/app/features/other-loots/spell-loot/select-spell-loot.component.ts
FNF:0
FNH:0
DA:18,1
LF:1
LH:1
BRF:0
BRH:0
end_of_record
TN:
SF:apps/keira/src/app/features/other-loots/spell-loot/select-spell-loot.service.ts
FNF:0
FNH:0
DA:9,1
LF:1
LH:1
BRF:0
BRH:0
end_of_record
TN:
SF:apps/keira/src/app/features/other-loots/spell-loot/spell-loot-handler.service.ts
FN:8,(anonymous_2)
FNF:1
FNH:1
FNDA:3,(anonymous_2)
DA:7,1
DA:9,3
LF:2
LH:2
BRF:0
BRH:0
end_of_record
TN:
SF:apps/keira/src/app/features/other-loots/spell-loot/spell-loot-template.component.ts
FNF:0
FNH:0
DA:12,1
LF:1
LH:1
BRF:0
BRH:0
end_of_record
TN:
SF:apps/keira/src/app/features/other-loots/spell-loot/spell-loot-template.module.ts
FNF:0
FNH:0
DA:16,1
DA:33,1
LF:2
LH:2
BRF:0
BRH:0
end_of_record
TN:
SF:apps/keira/src/app/features/other-loots/spell-loot/spell-loot-template.service.ts
FNF:0
FNH:0
DA:10,1
LF:1
LH:1
BRF:0
BRH:0
end_of_record
TN:
SF:apps/keira/src/app/features/quest/quest-handler.service.ts
FN:15,(anonymous_2)
FN:18,(anonymous_3)
FN:21,(anonymous_4)
FN:24,(anonymous_5)
FN:27,(anonymous_6)
FN:30,(anonymous_7)
FN:33,(anonymous_8)
FN:36,(anonymous_9)
FNF:8
FNH:8
FNDA:3,(anonymous_2)
FNDA:3,(anonymous_3)
FNDA:3,(anonymous_4)
FNDA:3,(anonymous_5)
FNDA:3,(anonymous_6)
FNDA:3,(anonymous_7)
FNDA:3,(anonymous_8)
FNDA:3,(anonymous_9)
DA:14,1
DA:16,3
DA:19,3
DA:22,3
DA:25,3
DA:28,3
DA:31,3
DA:34,3
DA:37,3
LF:9
LH:9
BRF:0
BRH:0
end_of_record
TN:
SF:apps/keira/src/app/features/quest/quest.module.ts
FNF:0
FNH:0
DA:44,1
DA:96,1
LF:2
LH:2
BRF:0
BRH:0
end_of_record
TN:
SF:apps/keira/src/app/features/quest/creature-questender/creature-questender.component.ts
FNF:0
FNH:0
DA:14,1
LF:1
LH:1
BRF:0
BRH:0
end_of_record
TN:
SF:apps/keira/src/app/features/quest/creature-questender/creature-questender.service.ts
FNF:0
FNH:0
DA:14,1
LF:1
LH:1
BRF:0
BRH:0
end_of_record
TN:
SF:apps/keira/src/app/features/quest/creature-queststarter/creature-queststarter.component.ts
FNF:0
FNH:0
DA:14,1
LF:1
LH:1
BRF:0
BRH:0
end_of_record
TN:
SF:apps/keira/src/app/features/quest/creature-queststarter/creature-queststarter.service.ts
FNF:0
FNH:0
DA:14,1
LF:1
LH:1
BRF:0
BRH:0
end_of_record
TN:
SF:apps/keira/src/app/features/quest/gameobject-questender/gameobject-questender.component.ts
FNF:0
FNH:0
DA:14,1
LF:1
LH:1
BRF:0
BRH:0
end_of_record
TN:
SF:apps/keira/src/app/features/quest/gameobject-questender/gameobject-questender.service.ts
FNF:0
FNH:0
DA:14,1
LF:1
LH:1
BRF:0
BRH:0
end_of_record
TN:
SF:apps/keira/src/app/features/quest/gameobject-queststarter/gameobject-queststarter.component.ts
FNF:0
FNH:0
DA:14,1
LF:1
LH:1
BRF:0
BRH:0
end_of_record
TN:
SF:apps/keira/src/app/features/quest/gameobject-queststarter/gameobject-queststarter.service.ts
FNF:0
FNH:0
DA:14,1
LF:1
LH:1
BRF:0
BRH:0
end_of_record
TN:
SF:apps/keira/src/app/features/quest/quest-offer-reward/quest-offer-reward.component.ts
FNF:0
FNH:0
DA:15,1
LF:1
LH:1
BRF:0
BRH:0
end_of_record
TN:
SF:apps/keira/src/app/features/quest/quest-offer-reward/quest-offer-reward.service.ts
FNF:0
FNH:0
DA:9,1
LF:1
LH:1
BRF:0
BRH:0
end_of_record
TN:
SF:apps/keira/src/app/features/quest/quest-preview/quest-preview.component.ts
FN:13,(anonymous_1)
FN:24,(anonymous_2)
FN:27,(anonymous_3)
FN:30,(anonymous_4)
FN:33,(anonymous_5)
FN:36,(anonymous_6)
FN:37,(anonymous_7)
FN:41,(anonymous_8)
FN:44,(anonymous_9)
FN:48,(anonymous_10)
FN:54,(anonymous_11)
FN:58,(anonymous_12)
FNF:12
FNH:12
FNDA:90,(anonymous_1)
FNDA:432,(anonymous_2)
FNDA:432,(anonymous_3)
FNDA:432,(anonymous_4)
FNDA:432,(anonymous_5)
FNDA:437,(anonymous_6)
FNDA:3517,(anonymous_7)
FNDA:140,(anonymous_8)
FNDA:140,(anonymous_9)
FNDA:4,(anonymous_10)
FNDA:90,(anonymous_11)
FNDA:1296,(anonymous_12)
DA:13,1
DA:14,90
DA:15,90
DA:16,90
DA:18,90
DA:19,90
DA:20,90
DA:22,90
DA:25,432
DA:28,432
DA:31,432
DA:34,432
DA:37,3517
DA:38,437
DA:42,140
DA:45,140
DA:49,4
DA:55,90
DA:59,1296
LF:19
LH:19
BRDA:25,0,0,432
BRDA:25,0,1,432
BRDA:28,1,0,432
BRDA:28,1,1,430
BRDA:28,1,2,33
BRDA:31,2,0,432
BRDA:31,2,1,432
BRDA:34,3,0,432
BRDA:34,3,1,429
BRDA:38,4,0,437
BRDA:38,4,1,105
BRDA:42,5,0,2
BRDA:42,5,1,138
BRDA:45,6,0,2
BRDA:45,6,1,138
BRDA:49,7,0,2
BRDA:49,7,1,2
BRDA:49,8,0,4
BRDA:49,8,1,2
BRDA:59,9,0,1284
BRDA:59,9,1,12
BRF:21
BRH:21
end_of_record
TN:
SF:apps/keira/src/app/features/quest/quest-preview/quest-preview.model.ts
FNF:0
FNH:0
DA:27,1
LF:1
LH:1
BRF:0
BRH:0
end_of_record
TN:
SF:apps/keira/src/app/features/quest/quest-preview/quest-preview.service.ts
FN:46,(anonymous_2)
FN:67,(anonymous_3)
FN:70,(anonymous_4)
FN:73,(anonymous_5)
FN:76,(anonymous_6)
FN:79,(anonymous_7)
FN:82,(anonymous_8)
FN:85,(anonymous_9)
FN:88,(anonymous_10)
FN:93,(anonymous_11)
FN:96,(anonymous_12)
FN:99,(anonymous_13)
FN:102,(anonymous_14)
FN:105,(anonymous_15)
FN:108,(anonymous_16)
FN:111,(anonymous_17)
FN:114,(anonymous_18)
FN:117,(anonymous_19)
FN:120,(anonymous_20)
FN:123,(anonymous_21)
FN:128,(anonymous_22)
FN:131,(anonymous_23)
FN:136,(anonymous_24)
FN:139,(anonymous_25)
FN:144,(anonymous_26)
FN:147,(anonymous_27)
FN:150,(anonymous_28)
FN:153,(anonymous_29)
FN:157,(anonymous_30)
FN:161,(anonymous_31)
FN:172,(anonymous_32)
FN:178,(anonymous_33)
FN:213,(anonymous_34)
FN:217,(anonymous_35)
FN:236,(anonymous_36)
FN:252,(anonymous_37)
FN:262,(anonymous_38)
FN:277,(anonymous_39)
FN:296,(anonymous_40)
FN:318,(anonymous_41)
FN:322,(anonymous_42)
FN:326,(anonymous_43)
FN:331,(anonymous_44)
FN:335,(anonymous_45)
FN:339,(anonymous_46)
FN:343,(anonymous_47)
FN:347,(anonymous_48)
FN:384,(anonymous_49)
FN:388,(anonymous_50)
FN:399,(anonymous_51)
FN:404,(anonymous_52)
FN:409,(anonymous_53)
FN:414,(anonymous_54)
FN:432,(anonymous_55)
FN:436,(anonymous_56)
FN:446,(anonymous_57)
FN:450,(anonymous_58)
FN:459,(anonymous_59)
FN:468,(anonymous_60)
FN:472,(anonymous_61)
FN:476,(anonymous_62)
FNF:61
FNH:61
FNDA:126,(anonymous_2)
FNDA:30024,(anonymous_3)
FNDA:4916,(anonymous_4)
FNDA:430,(anonymous_5)
FNDA:430,(anonymous_6)
FNDA:458,(anonymous_7)
FNDA:458,(anonymous_8)
FNDA:462,(anonymous_9)
FNDA:462,(anonymous_10)
FNDA:411,(anonymous_11)
FNDA:465,(anonymous_12)
FNDA:861,(anonymous_13)
FNDA:861,(anonymous_14)
FNDA:857,(anonymous_15)
FNDA:492,(anonymous_16)
FNDA:434,(anonymous_17)
FNDA:685,(anonymous_18)
FNDA:86,(anonymous_19)
FNDA:433,(anonymous_20)
FNDA:942,(anonymous_21)
FNDA:1171,(anonymous_22)
FNDA:883,(anonymous_23)
FNDA:433,(anonymous_24)
FNDA:1,(anonymous_25)
FNDA:436,(anonymous_26)
FNDA:436,(anonymous_27)
FNDA:434,(anonymous_28)
FNDA:1,(anonymous_29)
FNDA:437,(anonymous_30)
FNDA:58,(anonymous_31)
FNDA:464,(anonymous_32)
FNDA:437,(anonymous_33)
FNDA:702,(anonymous_34)
FNDA:704,(anonymous_35)
FNDA:95,(anonymous_36)
FNDA:436,(anonymous_37)
FNDA:7,(anonymous_38)
FNDA:88,(anonymous_39)
FNDA:436,(anonymous_40)
FNDA:435,(anonymous_41)
FNDA:1,(anonymous_42)
FNDA:436,(anonymous_43)
FNDA:437,(anonymous_44)
FNDA:427,(anonymous_45)
FNDA:97,(anonymous_46)
FNDA:203,(anonymous_47)
FNDA:210,(anonymous_48)
FNDA:89,(anonymous_49)
FNDA:71,(anonymous_50)
FNDA:80,(anonymous_51)
FNDA:1698,(anonymous_52)
FNDA:89,(anonymous_53)
FNDA:200,(anonymous_54)
FNDA:6028,(anonymous_55)
FNDA:437,(anonymous_56)
FNDA:436,(anonymous_57)
FNDA:529,(anonymous_58)
FNDA:444,(anonymous_59)
FNDA:437,(anonymous_60)
FNDA:434,(anonymous_61)
FNDA:441,(anonymous_62)
DA:39,1
DA:40,126
DA:42,126
DA:43,126
DA:44,126
DA:47,126
DA:48,126
DA:49,126
DA:50,126
DA:51,126
DA:52,126
DA:53,126
DA:54,126
DA:55,126
DA:56,126
DA:57,126
DA:58,126
DA:61,126
DA:62,126
DA:63,126
DA:64,126
DA:68,30024
DA:71,4916
DA:74,430
DA:77,430
DA:80,458
DA:83,458
DA:86,462
DA:89,462
DA:94,411
DA:97,465
DA:100,861
DA:103,861
DA:106,857
DA:109,492
DA:112,434
DA:115,685
DA:118,86
DA:121,433
DA:124,942
DA:129,1171
DA:132,883
DA:137,433
DA:140,1
DA:145,436
DA:148,436
DA:151,434
DA:154,1
DA:158,437
DA:162,58
DA:163,58
DA:164,58
DA:165,58
DA:166,58
DA:167,58
DA:168,58
DA:169,58
DA:173,464
DA:174,259
DA:179,437
DA:180,110
DA:183,110
DA:184,1
DA:188,110
DA:189,8
DA:196,110
DA:202,110
DA:205,110
DA:207,110
DA:210,327
DA:214,702
DA:218,704
DA:219,704
DA:221,704
DA:222,1
DA:225,703
DA:226,1
DA:229,702
DA:230,1
DA:233,701
DA:237,95
DA:239,95
DA:241,8
DA:246,8
DA:249,90
DA:253,436
DA:255,436
DA:256,95
DA:259,436
DA:263,7
DA:265,7
DA:266,9
DA:271,9
DA:274,1
DA:278,88
DA:280,88
DA:281,43
DA:283,43
DA:284,3
DA:290,43
DA:293,88
DA:297,436
DA:299,436
DA:302,25
DA:303,7
DA:306,25
DA:310,411
DA:311,411
DA:312,88
DA:315,411
DA:319,435
DA:323,1
DA:327,436
DA:328,436
DA:332,437
DA:336,427
DA:340,97
DA:344,203
DA:348,210
DA:349,210
DA:351,210
DA:352,1
DA:355,209
DA:356,6
DA:358,6
DA:359,4
DA:360,1
DA:363,3
DA:364,1
DA:367,2
DA:368,1
DA:372,3
DA:373,1
DA:376,2
DA:377,1
DA:381,204
DA:385,89
DA:389,71
DA:390,71
DA:391,70
DA:392,69
DA:395,1
DA:400,80
DA:401,80
DA:405,1698
DA:410,89
DA:411,89
DA:415,200
DA:418,2
DA:420,1
DA:422,1
DA:424,1
DA:426,1
DA:428,194
DA:433,6028
DA:437,437
DA:447,436
DA:451,529
DA:460,444
DA:469,437
DA:473,434
DA:477,441
DA:478,98
DA:481,343
DA:482,1
DA:485,342
LF:166
LH:166
BRDA:112,0,0,1
BRDA:112,0,1,433
BRDA:173,1,0,259
BRDA:173,2,0,464
BRDA:173,2,1,296
BRDA:179,3,0,110
BRDA:183,4,0,1
BRDA:183,5,0,110
BRDA:183,5,1,104
BRDA:188,6,0,8
BRDA:188,7,0,110
BRDA:188,7,1,104
BRDA:190,8,0,2
BRDA:190,8,1,6
BRDA:190,9,0,8
BRDA:190,9,1,7
BRDA:197,10,0,102
BRDA:197,10,1,8
BRDA:197,11,0,110
BRDA:197,11,1,102
BRDA:221,12,0,1
BRDA:225,13,0,1
BRDA:229,14,0,1
BRDA:239,15,0,98
BRDA:239,15,1,8
BRDA:255,16,0,95
BRDA:283,17,0,3
BRDA:299,18,0,25
BRDA:302,19,0,7
BRDA:311,20,0,88
BRDA:319,21,0,2
BRDA:319,21,1,433
BRDA:332,22,0,437
BRDA:332,22,1,436
BRDA:351,23,0,1
BRDA:351,24,0,210
BRDA:351,24,1,209
BRDA:355,25,0,6
BRDA:355,26,0,209
BRDA:355,26,1,7
BRDA:358,27,0,4
BRDA:359,28,0,1
BRDA:359,29,0,4
BRDA:359,29,1,1
BRDA:363,30,0,1
BRDA:363,31,0,3
BRDA:363,31,1,1
BRDA:367,32,0,1
BRDA:367,33,0,2
BRDA:367,33,1,1
BRDA:372,34,0,1
BRDA:372,35,0,3
BRDA:372,35,1,1
BRDA:376,36,0,1
BRDA:390,37,0,70
BRDA:391,38,0,69
BRDA:401,39,0,79
BRDA:401,39,1,1
BRDA:401,40,0,80
BRDA:401,40,1,79
BRDA:411,41,0,52
BRDA:411,41,1,37
BRDA:411,42,0,89
BRDA:411,42,1,52
BRDA:415,43,0,1
BRDA:415,43,1,2
BRDA:415,43,2,1
BRDA:415,43,3,1
BRDA:415,43,4,1
BRDA:415,43,5,1
BRDA:415,43,6,194
BRDA:433,44,0,6028
BRDA:433,44,1,1062
BRDA:438,45,0,437
BRDA:438,45,1,387
BRDA:438,45,2,387
BRDA:438,45,3,387
BRDA:438,45,4,387
BRDA:447,46,0,436
BRDA:447,46,1,339
BRDA:447,46,2,336
BRDA:452,47,0,529
BRDA:452,47,1,367
BRDA:452,47,2,367
BRDA:452,47,3,367
BRDA:461,48,0,444
BRDA:461,48,1,379
BRDA:461,48,2,379
BRDA:461,48,3,379
BRDA:473,49,0,434
BRDA:473,49,1,349
BRDA:473,49,2,345
BRDA:473,49,3,332
BRDA:477,50,0,98
BRDA:481,51,0,1
BRF:95
BRH:95
end_of_record
TN:
SF:apps/keira/src/app/features/quest/quest-request-items/quest-request-items.component.ts
FNF:0
FNH:0
DA:15,1
LF:1
LH:1
BRF:0
BRH:0
end_of_record
TN:
SF:apps/keira/src/app/features/quest/quest-request-items/quest-request-items.service.ts
FNF:0
FNH:0
DA:9,1
LF:1
LH:1
BRF:0
BRH:0
end_of_record
TN:
SF:apps/keira/src/app/features/quest/quest-template/quest-template.component.ts
FNF:0
FNH:0
DA:18,1
LF:1
LH:1
BRF:0
BRH:0
end_of_record
TN:
SF:apps/keira/src/app/features/quest/quest-template/quest-template.service.ts
FNF:0
FNH:0
DA:9,1
LF:1
LH:1
BRF:0
BRH:0
end_of_record
TN:
SF:apps/keira/src/app/features/quest/quest-template-addon/quest-template-addon.component.ts
FNF:0
FNH:0
DA:16,1
LF:1
LH:1
BRF:0
BRH:0
end_of_record
TN:
SF:apps/keira/src/app/features/quest/quest-template-addon/quest-template-addon.service.ts
FNF:0
FNH:0
DA:9,1
LF:1
LH:1
BRF:0
BRH:0
end_of_record
TN:
SF:apps/keira/src/app/features/quest/select-quest/select-quest.component.ts
FNF:0
FNH:0
DA:19,1
LF:1
LH:1
BRF:0
BRH:0
end_of_record
TN:
SF:apps/keira/src/app/features/quest/select-quest/select-quest.module.ts
FNF:0
FNH:0
DA:28,1
LF:1
LH:1
BRF:0
BRH:0
end_of_record
TN:
SF:apps/keira/src/app/features/quest/select-quest/select-quest.service.ts
FNF:0
FNH:0
DA:14,1
LF:1
LH:1
BRF:0
BRH:0
end_of_record
TN:
SF:apps/keira/src/app/features/smart-scripts/sai-search-entity/sai-search-entity.component.ts
FN:22,(anonymous_2)
FN:26,(anonymous_3)
FN:30,(anonymous_4)
FN:34,(anonymous_5)
FN:38,(anonymous_6)
FN:42,(anonymous_7)
FN:46,(anonymous_8)
FN:48,(anonymous_9)
FN:52,(anonymous_10)
FNF:9
FNH:9
FNDA:54,(anonymous_2)
FNDA:41,(anonymous_3)
FNDA:36,(anonymous_4)
FNDA:36,(anonymous_5)
FNDA:195,(anonymous_6)
FNDA:56,(anonymous_7)
FNDA:5,(anonymous_8)
FNDA:7,(anonymous_9)
FNDA:1,(anonymous_10)
DA:13,1
DA:14,5
DA:15,5
DA:17,5
DA:23,54
DA:27,41
DA:31,36
DA:35,36
DA:39,195
DA:43,56
DA:46,5
DA:49,7
DA:53,1
LF:13
LH:13
BRF:0
BRH:0
end_of_record
TN:
SF:apps/keira/src/app/features/smart-scripts/sai-search-entity/sai-search-entity.module.ts
FNF:0
FNH:0
DA:26,1
LF:1
LH:1
BRF:0
BRH:0
end_of_record
TN:
SF:apps/keira/src/app/features/smart-scripts/sai-search-existing/sai-search-existing.component.ts
FN:17,(anonymous_2)
FNF:1
FNH:1
FNDA:6,(anonymous_2)
DA:13,1
DA:14,6
DA:15,6
DA:18,6
DA:19,6
DA:21,6
LF:6
LH:6
BRF:0
BRH:0
end_of_record
TN:
SF:apps/keira/src/app/features/smart-scripts/sai-search-existing/sai-search-existing.module.ts
FNF:0
FNH:0
DA:24,1
LF:1
LH:1
BRF:0
BRH:0
end_of_record
TN:
SF:apps/keira/src/app/features/spell/spell-handler.service.ts
FN:8,(anonymous_2)
FNF:1
FNH:1
FNDA:4,(anonymous_2)
DA:7,1
DA:9,4
LF:2
LH:2
BRF:0
BRH:0
end_of_record
TN:
SF:apps/keira/src/app/features/spell/spell.module.ts
FNF:0
FNH:0
DA:12,1
LF:1
LH:1
BRF:0
BRH:0
end_of_record
TN:
SF:apps/keira/src/app/features/spell/select-spell/select-spell.component.ts
FNF:0
FNH:0
DA:21,1
LF:1
LH:1
BRF:0
BRH:0
end_of_record
TN:
SF:apps/keira/src/app/features/spell/select-spell/select-spell.module.ts
FNF:0
FNH:0
DA:27,1
LF:1
LH:1
BRF:0
BRH:0
end_of_record
TN:
SF:apps/keira/src/app/features/spell/select-spell/select-spell.service.ts
FNF:0
FNH:0
DA:8,1
LF:1
LH:1
BRF:0
BRH:0
end_of_record
TN:
SF:apps/keira/src/app/features/spell/spell-dbc/spell-dbc.component.ts
FNF:0
FNH:0
DA:12,1
LF:1
LH:1
BRF:0
BRH:0
end_of_record
TN:
SF:apps/keira/src/app/features/spell/spell-dbc/spell-dbc.module.ts
FNF:0
FNH:0
DA:50,1
LF:1
LH:1
BRF:0
BRH:0
end_of_record
TN:
SF:apps/keira/src/app/features/spell/spell-dbc/spell-dbc.service.ts
FNF:0
FNH:0
DA:11,1
LF:1
LH:1
BRF:0
BRH:0
end_of_record
TN:
SF:apps/keira/src/app/features/spell/spell-dbc/base/spell-dbc-base.component.ts
FN:22,(anonymous_1)
FNF:1
FNH:1
FNDA:29,(anonymous_1)
DA:22,1
DA:23,29
DA:24,29
DA:25,29
DA:26,29
DA:27,29
DA:28,29
DA:29,29
DA:30,29
DA:31,29
LF:10
LH:10
BRF:0
BRH:0
end_of_record
TN:
SF:apps/keira/src/app/features/spell/spell-dbc/effects/spell-dbc-effects.component.ts
FN:12,(anonymous_1)
FNF:1
FNH:1
FNDA:27,(anonymous_1)
DA:12,1
DA:13,27
DA:14,27
LF:3
LH:3
BRF:0
BRH:0
end_of_record
TN:
SF:apps/keira/src/app/features/spell/spell-dbc/effects/spell-dbc-spell-effect/spell-dbc-spell-effect.component.ts
FN:15,(anonymous_1)
FN:24,(anonymous_2)
FNF:2
FNH:2
FNDA:84,(anonymous_1)
FNDA:11770,(anonymous_2)
DA:15,1
DA:19,84
DA:20,84
DA:21,84
DA:22,84
DA:25,11770
LF:6
LH:6
BRF:0
BRH:0
end_of_record
TN:
SF:apps/keira/src/app/features/spell/spell-dbc/effects/spell-dbc-spell-effect/spell-dbc-spell-effect.model.ts
FNF:0
FNH:0
DA:1,1
LF:1
LH:1
BRF:0
BRH:0
end_of_record
TN:
SF:apps/keira/src/app/features/spell/spell-dbc/flags/spell-dbc-flags.component.ts
FN:20,(anonymous_1)
FNF:1
FNH:1
FNDA:29,(anonymous_1)
DA:20,1
DA:21,29
DA:22,29
DA:23,29
DA:24,29
DA:25,29
DA:26,29
DA:27,29
LF:8
LH:8
BRF:0
BRH:0
end_of_record
TN:
SF:apps/keira/src/app/features/spell/spell-dbc/items/spell-dbc-items.component.ts
FN:14,(anonymous_1)
FNF:1
FNH:1
FNDA:29,(anonymous_1)
DA:14,1
DA:15,29
DA:16,29
DA:17,29
DA:18,29
LF:5
LH:5
BRF:0
BRH:0
end_of_record
TN:
SF:apps/keira/src/app/features/spell/spell-dbc/misc/spell-dbc-misc.component.ts
FNF:0
FNH:0
DA:11,1
LF:1
LH:1
BRF:0
BRH:0
end_of_record
TN:
SF:apps/keira/src/app/features/spell/spell-dbc/texts/spell-dbc-texts.component.ts
FN:12,(anonymous_1)
FNF:1
FNH:1
FNDA:27,(anonymous_1)
DA:12,1
DA:13,27
LF:2
LH:2
BRF:0
BRH:0
end_of_record
TN:
SF:apps/keira/src/app/features/spell/spell-dbc/texts/spell-dbc-texts.model.ts
FNF:0
FNH:0
DA:1,1
DA:22,1
LF:2
LH:2
BRF:0
BRH:0
end_of_record
TN:
SF:apps/keira/src/app/features/spell/spell-dbc/texts/spell-dbc-locale/spell-dbc-locale.component.ts
FN:12,(anonymous_1)
FN:18,(anonymous_2)
FNF:2
FNH:2
FNDA:435,(anonymous_1)
FNDA:7280,(anonymous_2)
DA:12,1
DA:13,435
DA:19,7280
LF:3
LH:3
BRF:0
BRH:0
end_of_record
TN:
SF:apps/keira/src/app/features/sql-editor/sql-editor.component.ts
FN:27,(anonymous_2)
FN:32,(anonymous_3)
FN:37,(anonymous_4)
FN:42,(anonymous_5)
FN:47,(anonymous_6)
FN:51,(anonymous_7)
FN:60,(anonymous_8)
FN:64,(anonymous_9)
FN:67,(anonymous_10)
FN:89,(anonymous_11)
FNF:10
FNH:10
FNDA:16,(anonymous_2)
FNDA:15,(anonymous_3)
FNDA:43,(anonymous_4)
FNDA:17,(anonymous_5)
FNDA:1,(anonymous_6)
FNDA:7,(anonymous_7)
FNDA:1,(anonymous_8)
FNDA:6,(anonymous_9)
FNDA:5,(anonymous_10)
FNDA:1,(anonymous_11)
DA:16,1
DA:17,7
DA:18,7
DA:19,7
DA:28,16
DA:31,7
DA:33,15
DA:38,43
DA:43,17
DA:48,1
DA:52,7
DA:53,7
DA:54,7
DA:55,7
DA:57,7
DA:61,1
DA:65,6
DA:68,5
DA:69,5
DA:71,5
DA:72,1
DA:73,1
DA:74,4
DA:75,3
DA:77,3
DA:78,1
DA:80,2
DA:83,1
DA:86,5
DA:87,5
DA:90,1
DA:91,1
DA:92,1
LF:33
LH:33
BRDA:71,0,0,1
BRDA:71,0,1,4
BRDA:74,1,0,3
BRDA:74,1,1,1
BRDA:77,2,0,1
BRDA:77,2,1,2
BRF:6
BRH:6
end_of_record
TN:
SF:apps/keira/src/app/features/sql-editor/sql-editor.module.ts
FNF:0
FNH:0
DA:16,1
LF:1
LH:1
BRF:0
BRH:0
end_of_record
TN:
SF:apps/keira/src/app/features/sql-editor/sql-editor.service.ts
FN:4,(anonymous_1)
FNF:1
FNH:1
FNDA:8,(anonymous_1)
DA:4,1
DA:5,8
LF:2
LH:2
BRF:0
BRH:0
end_of_record
TN:
SF:apps/keira/src/app/main/app.component.ts
FN:26,(anonymous_2)
FN:37,(anonymous_3)
FN:43,(anonymous_4)
FN:57,(anonymous_5)
FN:59,(anonymous_6)
FN:69,(anonymous_7)
FN:71,(anonymous_8)
FNF:7
FNH:7
FNDA:4,(anonymous_2)
FNDA:4,(anonymous_3)
FNDA:4,(anonymous_4)
FNDA:4,(anonymous_5)
FNDA:2,(anonymous_6)
FNDA:4,(anonymous_7)
FNDA:2,(anonymous_8)
DA:21,1
DA:22,4
DA:23,4
DA:27,4
DA:28,4
DA:29,4
DA:30,4
DA:31,4
DA:32,4
DA:34,4
DA:38,4
DA:39,4
DA:40,4
DA:58,4
DA:60,2
DA:61,1
DA:63,1
DA:70,4
DA:72,2
DA:73,2
DA:74,1
LF:21
LH:21
BRDA:60,0,0,1
BRDA:60,0,1,1
BRDA:73,1,0,1
BRF:3
BRH:3
end_of_record
TN:
SF:apps/keira/src/app/main/connection-window/connection-window.component.ts
FN:27,(anonymous_2)
FN:31,(anonymous_3)
FN:38,(anonymous_4)
FN:63,(anonymous_5)
FN:67,(anonymous_6)
FN:73,(anonymous_7)
FN:76,(anonymous_8)
FN:85,(anonymous_9)
FNF:8
FNH:8
FNDA:35,(anonymous_2)
FNDA:19,(anonymous_3)
FNDA:19,(anonymous_4)
FNDA:1,(anonymous_5)
FNDA:1,(anonymous_6)
FNDA:6,(anonymous_7)
FNDA:5,(anonymous_8)
FNDA:1,(anonymous_9)
DA:17,1
DA:18,19
DA:19,19
DA:20,19
DA:24,19
DA:25,19
DA:28,35
DA:32,19
DA:33,19
DA:35,19
DA:39,19
DA:47,19
DA:49,19
DA:51,7
DA:53,7
DA:54,2
DA:57,7
DA:58,1
DA:64,1
DA:68,1
DA:69,1
DA:70,1
DA:74,6
DA:77,5
DA:78,5
DA:79,1
DA:81,5
DA:82,5
DA:83,5
DA:86,1
LF:30
LH:30
BRDA:28,0,0,35
BRDA:28,0,1,20
BRDA:49,1,0,7
BRDA:53,2,0,2
BRDA:57,3,0,1
BRDA:78,4,0,1
BRF:6
BRH:6
end_of_record
TN:
SF:apps/keira/src/app/main/connection-window/connection-window.module.ts
FNF:0
FNH:0
DA:25,1
LF:1
LH:1
BRF:0
BRH:0
end_of_record
TN:
SF:apps/keira/src/app/main/connection-window/connection-window.service.ts
FN:13,(anonymous_2)
FN:15,(anonymous_3)
FN:19,(anonymous_4)
FN:37,(anonymous_5)
FN:48,(anonymous_6)
FN:52,(anonymous_7)
FN:56,(anonymous_8)
FN:65,(anonymous_9)
FNF:8
FNH:8
FNDA:12,(anonymous_2)
FNDA:1,(anonymous_3)
FNDA:3,(anonymous_4)
FNDA:9,(anonymous_5)
FNDA:1,(anonymous_6)
FNDA:1,(anonymous_7)
FNDA:5,(anonymous_8)
FNDA:3,(anonymous_9)
DA:10,1
DA:11,12
DA:13,12
DA:16,1
DA:20,3
DA:22,3
DA:23,5
DA:25,2
DA:26,2
DA:27,2
DA:28,2
DA:33,1
DA:34,1
DA:38,9
DA:39,9
DA:41,9
DA:42,8
DA:45,9
DA:49,1
DA:53,1
DA:57,5
DA:66,3
DA:67,7
DA:70,3
LF:24
LH:24
BRDA:23,0,0,2
BRDA:39,1,0,9
BRDA:39,1,1,5
BRDA:58,2,0,5
BRDA:58,2,1,2
BRDA:58,2,2,2
BRDA:58,2,3,2
BRF:7
BRH:7
end_of_record
TN:
SF:apps/keira/src/app/main/main-window/main-window.component.ts
FN:11,(anonymous_2)
FNF:1
FNH:1
FNDA:1,(anonymous_2)
DA:10,1
DA:11,1
LF:2
LH:2
BRF:0
BRH:0
end_of_record
TN:
SF:apps/keira/src/app/main/main-window/main-window.module.ts
FNF:0
FNH:0
DA:12,1
LF:1
LH:1
BRF:0
BRH:0
end_of_record
TN:
SF:apps/keira/src/app/main/main-window/sidebar/sidebar.component.ts
FN:52,(anonymous_2)
FN:70,(anonymous_3)
FN:74,(anonymous_4)
FN:84,(anonymous_5)
FN:88,(anonymous_6)
FN:92,(anonymous_7)
FN:98,(anonymous_8)
FNF:7
FNH:7
FNDA:5,(anonymous_2)
FNDA:63,(anonymous_3)
FNDA:2,(anonymous_4)
FNDA:63,(anonymous_5)
FNDA:2,(anonymous_6)
FNDA:1,(anonymous_7)
FNDA:1,(anonymous_8)
DA:19,1
DA:36,1
DA:37,5
DA:48,5
DA:49,5
DA:50,5
DA:53,5
DA:54,5
DA:55,5
DA:56,5
DA:57,5
DA:58,5
DA:59,5
DA:60,5
DA:61,5
DA:62,5
DA:63,5
DA:64,5
DA:65,5
DA:66,5
DA:67,5
DA:71,63
DA:75,2
DA:85,63
DA:89,2
DA:93,1
DA:94,9
DA:99,1
LF:28
LH:28
BRDA:89,0,0,1
BRDA:89,0,1,1
BRF:2
BRH:2
end_of_record
TN:
SF:apps/keira/src/app/main/main-window/sidebar/sidebar.module.ts
FNF:0
FNH:0
DA:18,1
LF:1
LH:1
BRF:0
BRH:0
end_of_record
TN:
SF:apps/keira/src/app/main/main-window/sidebar/sidebar.service.ts
FN:6,(anonymous_1)
FN:10,(anonymous_2)
FN:14,(anonymous_3)
FN:18,(anonymous_4)
FN:22,(anonymous_5)
FNF:5
FNH:5
FNDA:6,(anonymous_1)
FNDA:70,(anonymous_2)
FNDA:5,(anonymous_3)
FNDA:65,(anonymous_4)
FNDA:2,(anonymous_5)
DA:6,1
DA:7,6
DA:8,6
DA:11,70
DA:15,5
DA:19,65
DA:23,2
LF:7
LH:7
BRF:0
BRH:0
end_of_record
TN:
SF:apps/keira/src/app/main/main-window/sidebar/logout-btn/logout-btn.component.ts
FN:17,(anonymous_2)
FN:26,(anonymous_3)
FN:35,(anonymous_4)
FN:43,(anonymous_5)
FNF:4
FNH:4
FNDA:2,(anonymous_2)
FNDA:1,(anonymous_3)
FNDA:2,(anonymous_4)
FNDA:1,(anonymous_5)
DA:15,1
DA:18,2
DA:19,2
DA:20,2
DA:21,2
DA:23,2
DA:27,1
DA:32,1
DA:34,1
DA:36,2
DA:37,1
DA:44,1
DA:45,1
LF:13
LH:13
BRDA:36,0,0,1
BRF:1
BRH:1
end_of_record
TN:
SF:apps/keira/src/app/main/main-window/sidebar/unsaved-icon/unsaved-icon.component.ts
FNF:0
FNH:0
DA:9,1
LF:1
LH:1
BRF:0
BRH:0
end_of_record
TN:
SF:apps/keira/src/app/shared/abstract/components/editors/editor.component.ts
FN:20,(anonymous_2)
FN:24,(anonymous_3)
FN:31,(anonymous_4)
FN:41,(anonymous_5)
FN:43,(anonymous_6)
FN:44,(anonymous_7)
FN:51,(anonymous_8)
FNF:7
FNH:7
FNDA:1692,(anonymous_2)
FNDA:406,(anonymous_3)
FNDA:348,(anonymous_4)
FNDA:412,(anonymous_5)
FNDA:2,(anonymous_6)
FNDA:2,(anonymous_7)
FNDA:43,(anonymous_8)
DA:15,1
DA:16,406
DA:18,406
DA:21,1692
DA:25,406
DA:26,406
DA:28,406
DA:32,348
DA:34,348
DA:35,348
DA:38,348
DA:42,412
DA:44,2
DA:45,2
DA:52,43
LF:15
LH:15
BRDA:34,0,0,348
BRF:1
BRH:1
end_of_record
TN:
SF:apps/keira/src/app/shared/abstract/components/editors/multi-row-editor.component.ts
FNF:0
FNH:0
DA:12,1
LF:1
LH:1
BRF:0
BRH:0
end_of_record
TN:
SF:apps/keira/src/app/shared/abstract/components/editors/select-complex-key.component.ts
FN:14,(anonymous_0)
FN:19,(anonymous_1)
FN:23,(anonymous_2)
FN:27,(anonymous_3)
FNF:4
FNH:4
FNDA:16,(anonymous_0)
FNDA:2,(anonymous_1)
FNDA:1,(anonymous_2)
FNDA:13,(anonymous_3)
DA:9,16
DA:10,16
DA:12,16
DA:15,16
DA:16,16
DA:20,2
DA:24,1
DA:28,13
LF:8
LH:8
BRF:0
BRH:0
end_of_record
TN:
SF:apps/keira/src/app/shared/abstract/components/editors/select.component.ts
FN:13,(anonymous_0)
FN:22,(anonymous_1)
FNF:2
FNH:2
FNDA:66,(anonymous_0)
FNDA:36,(anonymous_1)
DA:9,66
DA:11,66
DA:14,66
DA:15,66
DA:16,66
DA:17,66
DA:18,66
DA:19,66
DA:23,36
LF:9
LH:9
BRF:0
BRH:0
end_of_record
TN:
SF:apps/keira/src/app/shared/abstract/components/editors/single-row-editor.component.ts
FNF:0
FNH:0
DA:11,1
LF:1
LH:1
BRF:0
BRH:0
end_of_record
TN:
SF:apps/keira/src/app/shared/abstract/components/editors/loot-template/loot-template-id.component.ts
FN:16,(anonymous_2)
FN:20,(anonymous_3)
FN:23,(anonymous_4)
FN:37,(anonymous_5)
FN:52,(anonymous_6)
FNF:5
FNH:5
FNDA:594,(anonymous_2)
FNDA:64,(anonymous_3)
FNDA:62,(anonymous_4)
FNDA:2,(anonymous_5)
FNDA:47,(anonymous_6)
DA:14,1
DA:17,594
DA:21,64
DA:25,62
DA:27,62
DA:30,55
DA:32,53
DA:35,62
DA:38,2
DA:53,47
DA:54,47
DA:55,47
LF:12
LH:12
BRDA:27,0,0,55
BRDA:30,1,0,53
BRF:2
BRH:2
end_of_record
TN:
SF:apps/keira/src/app/shared/abstract/components/editors/loot-template/loot-template.component.ts
FNF:0
FNH:0
DA:10,1
LF:1
LH:1
BRF:0
BRH:0
end_of_record
TN:
SF:apps/keira/src/app/shared/abstract/service/editors/editor.service.ts
FN:22,(anonymous_0)
FN:25,(anonymous_1)
FN:28,(anonymous_2)
FN:31,(anonymous_3)
FN:34,(anonymous_4)
FN:37,(anonymous_5)
FN:40,(anonymous_6)
FN:43,(anonymous_7)
FN:47,(anonymous_8)
FN:59,(anonymous_9)
FN:67,(anonymous_10)
FN:71,(anonymous_11)
FN:76,(anonymous_12)
FN:80,(anonymous_13)
FN:90,(anonymous_14)
FN:94,(anonymous_15)
FN:97,(anonymous_16)
FN:103,(anonymous_17)
FN:112,(anonymous_18)
FN:119,(anonymous_19)
FN:125,(anonymous_20)
FN:129,(anonymous_21)
FN:138,(anonymous_22)
FN:145,(anonymous_23)
FNF:24
FNH:24
FNDA:3181,(anonymous_0)
FNDA:4516,(anonymous_1)
FNDA:2297,(anonymous_2)
FNDA:2270,(anonymous_3)
FNDA:3951,(anonymous_4)
FNDA:9096,(anonymous_5)
FNDA:138027,(anonymous_6)
FNDA:2257,(anonymous_7)
FNDA:1479,(anonymous_8)
FNDA:412,(anonymous_9)
FNDA:1996,(anonymous_10)
FNDA:1479,(anonymous_11)
FNDA:1410,(anonymous_12)
FNDA:1479,(anonymous_13)
FNDA:659,(anonymous_14)
FNDA:669,(anonymous_15)
FNDA:667,(anonymous_16)
FNDA:1,(anonymous_17)
FNDA:702,(anonymous_18)
FNDA:669,(anonymous_19)
FNDA:54,(anonymous_20)
FNDA:58,(anonymous_21)
FNDA:56,(anonymous_22)
FNDA:1,(anonymous_23)
DA:13,1479
DA:18,1479
DA:23,3181
DA:26,4516
DA:29,2297
DA:32,2270
DA:35,3951
DA:38,9096
DA:41,138027
DA:44,2257
DA:48,1479
DA:49,1479
DA:50,1479
DA:51,1479
DA:52,1479
DA:53,1479
DA:55,1479
DA:56,1479
DA:60,412
DA:68,1996
DA:72,1479
DA:73,1479
DA:77,1410
DA:81,1479
DA:83,1479
DA:84,35561
DA:87,1479
DA:91,659
DA:95,669
DA:98,667
DA:99,667
DA:100,667
DA:101,667
DA:104,1
DA:105,1
DA:106,1
DA:113,702
DA:114,702
DA:115,702
DA:116,702
DA:120,669
DA:121,669
DA:122,669
DA:126,54
DA:130,58
DA:131,1
DA:134,57
DA:136,57
DA:139,56
DA:140,56
DA:141,56
DA:142,56
DA:143,56
DA:146,1
DA:147,1
DA:148,1
DA:149,1
LF:57
LH:57
BRDA:23,0,0,79
BRDA:23,0,1,3102
BRDA:130,1,0,1
BRF:3
BRH:3
end_of_record
TN:
SF:apps/keira/src/app/shared/abstract/service/editors/loot-editor-id.service.ts
FN:11,(anonymous_0)
FN:14,(anonymous_1)
FN:32,(anonymous_2)
FNF:3
FNH:3
FNDA:7,(anonymous_0)
FNDA:5,(anonymous_1)
FNDA:1,(anonymous_2)
DA:12,7
DA:15,5
DA:33,1
LF:3
LH:3
BRF:0
BRH:0
end_of_record
TN:
SF:apps/keira/src/app/shared/abstract/service/editors/multi-row-complex-key-editor.service.ts
FN:11,(anonymous_0)
FN:28,(anonymous_1)
FN:30,(anonymous_2)
FN:44,(anonymous_3)
FN:52,(anonymous_4)
FN:58,(anonymous_5)
FN:62,(anonymous_6)
FN:65,(anonymous_7)
FN:71,(anonymous_8)
FN:80,(anonymous_9)
FNF:10
FNH:10
FNDA:46,(anonymous_0)
FNDA:36,(anonymous_1)
FNDA:45,(anonymous_2)
FNDA:19,(anonymous_3)
FNDA:25,(anonymous_4)
FNDA:25,(anonymous_5)
FNDA:26,(anonymous_6)
FNDA:24,(anonymous_7)
FNDA:1,(anonymous_8)
FNDA:24,(anonymous_9)
DA:12,46
DA:31,45
DA:39,45
DA:45,19
DA:47,19
DA:48,38
DA:53,25
DA:54,25
DA:55,25
DA:59,25
DA:63,26
DA:66,24
DA:67,24
DA:68,24
DA:69,24
DA:72,1
DA:73,1
DA:74,1
DA:81,24
DA:82,24
DA:83,24
LF:21
LH:21
BRF:0
BRH:0
end_of_record
TN:
SF:apps/keira/src/app/shared/abstract/service/editors/multi-row-editor.service.ts
FN:17,(anonymous_0)
FN:20,(anonymous_1)
FN:23,(anonymous_2)
FN:26,(anonymous_3)
FN:44,(anonymous_4)
FN:48,(anonymous_5)
FN:63,(anonymous_6)
FN:65,(anonymous_7)
FN:75,(anonymous_8)
FN:79,(anonymous_9)
FN:85,(anonymous_10)
FN:99,(anonymous_11)
FN:111,(anonymous_12)
FN:115,(anonymous_13)
FN:123,(anonymous_14)
FN:132,(anonymous_15)
FN:165,(anonymous_16)
FN:167,(anonymous_17)
FN:171,(anonymous_18)
FN:187,(anonymous_19)
FN:191,(anonymous_20)
FN:205,(anonymous_21)
FN:218,(anonymous_22)
FNF:23
FNH:23
FNDA:3462,(anonymous_0)
FNDA:1096,(anonymous_1)
FNDA:1098,(anonymous_2)
FNDA:85,(anonymous_3)
FNDA:829,(anonymous_4)
FNDA:5280,(anonymous_5)
FNDA:130,(anonymous_6)
FNDA:714,(anonymous_7)
FNDA:711,(anonymous_8)
FNDA:409,(anonymous_9)
FNDA:433,(anonymous_10)
FNDA:430,(anonymous_11)
FNDA:828,(anonymous_12)
FNDA:191,(anonymous_13)
FNDA:345,(anonymous_14)
FNDA:451,(anonymous_15)
FNDA:388,(anonymous_16)
FNDA:2140,(anonymous_17)
FNDA:150,(anonymous_18)
FNDA:172,(anonymous_19)
FNDA:191,(anonymous_20)
FNDA:1274,(anonymous_21)
FNDA:1,(anonymous_22)
DA:18,3462
DA:21,1096
DA:24,1098
DA:27,85
DA:45,829
DA:47,829
DA:49,5280
DA:50,330
DA:51,147
DA:52,147
DA:53,147
DA:54,147
DA:55,147
DA:56,147
DA:66,714
DA:67,1385
DA:68,711
DA:72,3
DA:76,711
DA:80,409
DA:81,409
DA:82,409
DA:86,433
DA:87,433
DA:88,433
DA:89,433
DA:90,461
DA:91,461
DA:93,433
DA:94,433
DA:95,433
DA:96,433
DA:100,430
DA:108,430
DA:112,828
DA:116,191
DA:117,154
DA:120,191
DA:124,345
DA:125,476
DA:126,154
DA:129,191
DA:133,451
DA:135,451
DA:136,35
DA:139,416
DA:140,416
DA:141,416
DA:142,416
DA:144,416
DA:146,416
DA:147,4004
DA:149,4004
DA:150,4004
DA:160,416
DA:162,416
DA:168,2140
DA:172,150
DA:173,1
DA:176,149
DA:177,149
DA:179,149
DA:180,149
DA:181,149
DA:183,149
DA:184,149
DA:188,172
DA:192,191
DA:193,191
DA:194,190
DA:196,191
DA:197,191
DA:199,191
DA:200,191
DA:202,191
DA:206,1274
DA:207,2433
DA:211,59
DA:215,1215
DA:219,1
LF:80
LH:80
BRDA:49,0,0,330
BRDA:50,1,0,147
BRDA:50,2,0,330
BRDA:50,2,1,176
BRDA:67,3,0,711
BRDA:125,4,0,154
BRDA:135,5,0,35
BRDA:149,6,0,4004
BRDA:172,7,0,1
BRDA:193,8,0,190
BRDA:207,9,0,59
BRDA:208,10,0,2433
BRDA:208,10,1,1685
BRF:13
BRH:13
end_of_record
TN:
SF:apps/keira/src/app/shared/abstract/service/editors/multi-row-external-editor.service.ts
FN:30,(anonymous_0)
FN:32,(anonymous_1)
FN:38,(anonymous_2)
FNF:3
FNH:3
FNDA:14,(anonymous_0)
FNDA:21,(anonymous_1)
FNDA:11,(anonymous_2)
DA:33,21
DA:35,21
DA:39,11
LF:3
LH:3
BRF:0
BRH:0
end_of_record
TN:
SF:apps/keira/src/app/shared/abstract/service/editors/single-row-complex-key-editor.service.ts
FN:13,(anonymous_0)
FN:40,(anonymous_1)
FN:42,(anonymous_2)
FN:46,(anonymous_3)
FN:57,(anonymous_4)
FN:67,(anonymous_5)
FN:70,(anonymous_6)
FN:76,(anonymous_7)
FN:85,(anonymous_8)
FN:91,(anonymous_9)
FN:100,(anonymous_10)
FN:114,(anonymous_11)
FN:120,(anonymous_12)
FNF:13
FNH:13
FNDA:88,(anonymous_0)
FNDA:19,(anonymous_1)
FNDA:10,(anonymous_2)
FNDA:24,(anonymous_3)
FNDA:34,(anonymous_4)
FNDA:11,(anonymous_5)
FNDA:10,(anonymous_6)
FNDA:1,(anonymous_7)
FNDA:10,(anonymous_8)
FNDA:3,(anonymous_9)
FNDA:6,(anonymous_10)
FNDA:10,(anonymous_11)
FNDA:12,(anonymous_12)
DA:14,88
DA:43,10
DA:47,24
DA:54,24
DA:58,34
DA:59,34
DA:68,11
DA:71,10
DA:72,10
DA:73,9
DA:74,9
DA:77,1
DA:78,1
DA:79,1
DA:86,10
DA:87,10
DA:88,10
DA:92,3
DA:93,3
DA:94,3
DA:101,6
DA:102,6
DA:104,6
DA:105,45
DA:107,16
DA:111,6
DA:115,10
DA:116,10
DA:117,10
DA:121,12
DA:123,7
DA:126,5
DA:128,12
DA:129,11
DA:130,11
LF:35
LH:35
BRDA:58,0,0,11
BRDA:58,0,1,23
BRDA:105,1,0,16
BRDA:121,2,0,7
BRDA:121,2,1,5
BRF:5
BRH:5
end_of_record
TN:
SF:apps/keira/src/app/shared/abstract/service/editors/single-row-editor.service.ts
FN:27,(anonymous_0)
FN:31,(anonymous_1)
FN:42,(anonymous_2)
FN:53,(anonymous_3)
FN:64,(anonymous_4)
FN:78,(anonymous_5)
FN:87,(anonymous_6)
FN:91,(anonymous_7)
FN:109,(anonymous_8)
FNF:9
FNH:9
FNDA:650,(anonymous_0)
FNDA:15720,(anonymous_1)
FNDA:736,(anonymous_2)
FNDA:1180,(anonymous_3)
FNDA:82,(anonymous_4)
FNDA:185,(anonymous_5)
FNDA:261,(anonymous_6)
FNDA:271,(anonymous_7)
FNDA:261,(anonymous_8)
DA:28,650
DA:30,650
DA:32,15720
DA:33,947
DA:34,760
DA:36,947
DA:43,736
DA:50,736
DA:54,1180
DA:65,82
DA:66,82
DA:68,82
DA:70,53
DA:72,53
DA:73,44
DA:79,185
DA:82,185
DA:84,185
DA:88,261
DA:92,271
DA:93,271
DA:94,14766
DA:96,14766
DA:97,14766
DA:106,270
DA:110,261
DA:112,76
DA:115,185
DA:117,261
DA:118,261
DA:119,261
LF:31
LH:31
BRDA:32,0,0,947
BRDA:33,1,0,760
BRDA:68,2,0,53
BRDA:72,3,0,44
BRDA:96,4,0,14766
BRDA:110,5,0,76
BRDA:110,5,1,185
BRF:7
BRH:7
end_of_record
TN:
SF:apps/keira/src/app/shared/abstract/service/handlers/complex-key.handler.service.ts
FN:17,(anonymous_0)
FN:21,(anonymous_1)
FNF:2
FNH:2
FNDA:35,(anonymous_0)
FNDA:36,(anonymous_1)
DA:18,35
DA:22,36
LF:2
LH:2
BRDA:17,0,0,13
BRDA:17,1,0,13
BRF:2
BRH:2
end_of_record
TN:
SF:apps/keira/src/app/shared/abstract/service/handlers/handler.service.ts
FN:11,(anonymous_0)
FN:15,(anonymous_1)
FN:19,(anonymous_2)
FN:23,(anonymous_3)
FN:30,(anonymous_4)
FN:41,(anonymous_5)
FN:58,(anonymous_6)
FNF:7
FNH:7
FNDA:2131,(anonymous_0)
FNDA:6303,(anonymous_1)
FNDA:1216,(anonymous_2)
FNDA:1030,(anonymous_3)
FNDA:57,(anonymous_4)
FNDA:57,(anonymous_5)
FNDA:2,(anonymous_6)
DA:8,1030
DA:12,2131
DA:16,6303
DA:20,1216
DA:24,1030
DA:25,1030
DA:27,1030
DA:36,56
DA:37,134
DA:42,57
DA:43,57
DA:45,57
DA:46,36
DA:48,21
DA:51,57
DA:53,57
DA:54,41
DA:59,2
DA:60,1
DA:63,1
DA:64,1
LF:21
LH:21
BRDA:41,0,0,22
BRDA:45,1,0,36
BRDA:45,1,1,21
BRDA:53,2,0,41
BRDA:59,3,0,1
BRF:5
BRH:5
end_of_record
TN:
SF:apps/keira/src/app/shared/abstract/service/select/select.service.ts
FN:21,(anonymous_0)
FNF:1
FNH:1
FNDA:12,(anonymous_0)
DA:22,12
LF:1
LH:1
BRDA:25,0,0,6
BRDA:25,0,1,6
BRF:2
BRH:2
end_of_record
TN:
SF:apps/keira/src/app/shared/constants/gameobject-types.ts
FNF:0
FNH:0
DA:3,1
DA:4,1
DA:5,1
DA:6,1
DA:7,1
DA:8,1
DA:9,1
DA:10,1
DA:11,1
DA:12,1
DA:13,1
DA:14,1
DA:15,1
DA:17,1
DA:18,1
DA:19,1
DA:20,1
DA:21,1
DA:22,1
DA:23,1
DA:24,1
DA:25,1
DA:26,1
DA:27,1
DA:29,1
DA:30,1
DA:31,1
DA:32,1
DA:33,1
DA:34,1
DA:35,1
DA:36,1
DA:37,1
DA:38,1
DA:39,1
DA:40,1
DA:41,1
DA:43,1
DA:44,1
DA:45,1
DA:46,1
DA:47,1
DA:48,1
DA:49,1
DA:50,1
DA:51,1
DA:52,1
DA:53,1
DA:54,1
DA:55,1
DA:56,1
DA:57,1
DA:58,1
DA:59,1
DA:60,1
DA:61,1
DA:62,1
DA:63,1
DA:64,1
DA:65,1
DA:66,1
DA:67,1
DA:69,1
DA:70,1
DA:71,1
DA:72,1
DA:73,1
DA:74,1
DA:75,1
DA:76,1
DA:77,1
DA:78,1
DA:80,1
DA:81,1
DA:82,1
DA:83,1
DA:84,1
DA:85,1
DA:86,1
DA:87,1
DA:88,1
DA:89,1
DA:90,1
DA:91,1
DA:92,1
DA:93,1
DA:94,1
DA:95,1
DA:96,1
DA:97,1
DA:98,1
DA:99,1
DA:101,1
DA:102,1
DA:103,1
DA:104,1
DA:105,1
DA:106,1
DA:108,1
DA:109,1
DA:110,1
DA:111,1
DA:112,1
DA:113,1
DA:114,1
DA:115,1
DA:116,1
DA:117,1
DA:119,1
DA:120,1
DA:121,1
DA:122,1
DA:123,1
DA:124,1
DA:125,1
DA:127,1
DA:128,1
DA:129,1
DA:130,1
DA:131,1
DA:132,1
DA:133,1
DA:134,1
DA:135,1
DA:136,1
DA:137,1
DA:138,1
DA:139,1
DA:140,1
DA:141,1
DA:142,1
DA:143,1
DA:144,1
DA:145,1
DA:146,1
DA:147,1
DA:148,1
DA:149,1
DA:150,1
DA:151,1
DA:153,1
DA:154,1
DA:155,1
DA:156,1
DA:157,1
DA:158,1
DA:159,1
DA:160,1
DA:161,1
DA:162,1
DA:163,1
DA:164,1
DA:165,1
DA:166,1
DA:167,1
DA:168,1
DA:169,1
DA:170,1
DA:171,1
DA:172,1
DA:173,1
DA:174,1
DA:175,1
DA:176,1
DA:177,1
DA:179,1
DA:180,1
DA:181,1
DA:182,1
DA:183,1
DA:184,1
DA:185,1
DA:186,1
DA:187,1
DA:189,1
DA:190,1
DA:191,1
DA:192,1
DA:193,1
DA:194,1
DA:196,1
DA:197,1
DA:198,1
DA:199,1
DA:200,1
DA:201,1
DA:202,1
DA:203,1
DA:204,1
DA:205,1
DA:206,1
DA:207,1
DA:209,1
DA:210,1
DA:211,1
DA:212,1
DA:213,1
DA:214,1
DA:215,1
DA:216,1
DA:217,1
DA:218,1
DA:220,1
DA:221,1
DA:223,1
DA:224,1
DA:225,1
DA:227,1
DA:228,1
DA:229,1
DA:230,1
DA:231,1
DA:232,1
DA:233,1
DA:234,1
DA:235,1
DA:237,1
DA:238,1
DA:239,1
DA:240,1
DA:242,1
DA:243,1
DA:244,1
DA:245,1
DA:246,1
DA:247,1
DA:248,1
DA:249,1
DA:250,1
DA:251,1
DA:252,1
DA:253,1
DA:254,1
DA:255,1
DA:257,1
DA:258,1
DA:259,1
DA:260,1
DA:261,1
DA:262,1
DA:264,1
DA:265,1
DA:266,1
DA:267,1
DA:268,1
DA:269,1
DA:270,1
DA:271,1
DA:272,1
DA:273,1
DA:274,1
DA:276,1
DA:277,1
DA:279,1
DA:280,1
DA:281,1
DA:282,1
DA:283,1
DA:284,1
DA:285,1
DA:286,1
DA:287,1
DA:288,1
DA:289,1
DA:290,1
DA:291,1
DA:292,1
DA:293,1
DA:294,1
DA:295,1
DA:296,1
DA:297,1
DA:298,1
DA:299,1
DA:300,1
DA:301,1
DA:302,1
DA:303,1
DA:305,1
DA:306,1
DA:307,1
DA:308,1
DA:309,1
DA:310,1
DA:311,1
DA:312,1
DA:314,1
DA:315,1
DA:316,1
DA:317,1
DA:318,1
DA:319,1
DA:320,1
DA:321,1
DA:322,1
DA:323,1
DA:324,1
DA:325,1
DA:327,1
DA:328,1
DA:329,1
DA:330,1
DA:332,1
DA:333,1
DA:334,1
DA:335,1
DA:336,1
DA:337,1
DA:338,1
DA:339,1
DA:340,1
DA:341,1
DA:342,1
DA:343,1
DA:344,1
DA:345,1
DA:346,1
DA:347,1
DA:348,1
DA:349,1
DA:350,1
DA:351,1
DA:352,1
DA:353,1
DA:354,1
DA:355,1
DA:356,1
DA:358,1
DA:359,1
DA:360,1
DA:361,1
DA:362,1
DA:363,1
LF:333
LH:333
BRF:0
BRH:0
end_of_record
TN:
SF:apps/keira/src/app/shared/constants/general.ts
FNF:0
FNH:0
DA:1,1
DA:2,1
DA:3,1
DA:4,1
DA:5,1
DA:6,1
LF:6
LH:6
BRF:0
BRH:0
end_of_record
TN:
SF:apps/keira/src/app/shared/constants/preview.ts
FNF:0
FNH:0
DA:1,1
DA:11,1
DA:27,1
LF:3
LH:3
BRF:0
BRH:0
end_of_record
TN:
SF:apps/keira/src/app/shared/constants/quest-preview.ts
FNF:0
FNH:0
DA:1,1
DA:2,1
DA:3,1
DA:4,1
DA:5,1
DA:7,1
LF:6
LH:6
BRF:0
BRH:0
end_of_record
TN:
SF:apps/keira/src/app/shared/constants/flags/allowable-classes.ts
FNF:0
FNH:0
DA:3,1
LF:1
LH:1
BRF:0
BRH:0
end_of_record
TN:
SF:apps/keira/src/app/shared/constants/flags/allowable-races.ts
FNF:0
FNH:0
DA:3,1
LF:1
LH:1
BRF:0
BRH:0
end_of_record
TN:
[...]
FNF:0
FNH:0
DA:14,1
LF:1
LH:1
BRF:0
BRH:0
end_of_record
TN:
SF:apps/keira/src/app/shared/modules/selectors/creature-selector/creature-selector.module.ts
FNF:0
FNH:0
DA:17,1
LF:1
LH:1
BRF:0
BRH:0
end_of_record
TN:
SF:apps/keira/src/app/shared/modules/selectors/faction-selector/faction-selector-btn.component.ts
FNF:0
FNH:0
DA:13,1
LF:1
LH:1
BRF:0
BRH:0
end_of_record
TN:
SF:apps/keira/src/app/shared/modules/selectors/faction-selector/faction-selector-modal.component.ts
FNF:0
FNH:0
DA:13,1
LF:1
LH:1
BRF:0
BRH:0
end_of_record
TN:
SF:apps/keira/src/app/shared/modules/selectors/faction-selector/faction-selector.module.ts
FNF:0
FNH:0
DA:24,1
LF:1
LH:1
BRF:0
BRH:0
end_of_record
TN:
SF:apps/keira/src/app/shared/modules/selectors/faction-selector/quest-faction-selector-btn.component.ts
FNF:0
FNH:0
DA:13,1
LF:1
LH:1
BRF:0
BRH:0
end_of_record
TN:
SF:apps/keira/src/app/shared/modules/selectors/faction-selector/quest-faction-selector-modal.component.ts
FNF:0
FNH:0
DA:13,1
LF:1
LH:1
BRF:0
BRH:0
end_of_record
TN:
SF:apps/keira/src/app/shared/modules/selectors/flags-selector/flags-selector-btn.component.ts
FNF:0
FNH:0
DA:14,1
LF:1
LH:1
BRF:0
BRH:0
end_of_record
TN:
SF:apps/keira/src/app/shared/modules/selectors/flags-selector/flags-selector-modal.component.ts
FN:27,(anonymous_2)
FN:33,(anonymous_3)
FNF:2
FNH:2
FNDA:4,(anonymous_2)
FNDA:1,(anonymous_3)
DA:14,1
DA:28,4
DA:29,1
DA:34,1
DA:35,1
LF:5
LH:5
BRDA:28,0,0,1
BRF:1
BRH:1
end_of_record
TN:
SF:apps/keira/src/app/shared/modules/selectors/flags-selector/flags-selector.module.ts
FNF:0
FNH:0
DA:14,1
LF:1
LH:1
BRF:0
BRH:0
end_of_record
TN:
SF:apps/keira/src/app/shared/modules/selectors/flags-selector/flags.service.ts
FN:8,(anonymous_1)
FN:19,(anonymous_2)
FN:31,(anonymous_3)
FNF:3
FNH:3
FNDA:17,(anonymous_1)
FNDA:17,(anonymous_2)
FNDA:1,(anonymous_3)
DA:7,1
DA:9,17
DA:10,17
DA:12,17
DA:13,263
DA:16,17
DA:20,17
DA:22,17
DA:23,265
DA:24,56
DA:28,17
DA:32,1
DA:34,1
DA:36,1
DA:37,1
DA:41,1
LF:16
LH:16
BRDA:23,0,0,56
BRDA:36,1,0,1
BRF:2
BRH:2
end_of_record
TN:
SF:apps/keira/src/app/shared/modules/selectors/gameobject-selector/gameobject-selector-btn.component.ts
FNF:0
FNH:0
DA:13,1
LF:1
LH:1
BRF:0
BRH:0
end_of_record
TN:
SF:apps/keira/src/app/shared/modules/selectors/gameobject-selector/gameobject-selector-modal.component.ts
FNF:0
FNH:0
DA:14,1
LF:1
LH:1
BRF:0
BRH:0
end_of_record
TN:
SF:apps/keira/src/app/shared/modules/selectors/gameobject-selector/gameobject-selector.module.ts
FNF:0
FNH:0
DA:17,1
LF:1
LH:1
BRF:0
BRH:0
end_of_record
TN:
SF:apps/keira/src/app/shared/modules/selectors/holiday-selector/holiday-selector-btn.component.ts
FNF:0
FNH:0
DA:13,1
LF:1
LH:1
BRF:0
BRH:0
end_of_record
TN:
SF:apps/keira/src/app/shared/modules/selectors/holiday-selector/holiday-selector-modal.component.ts
FNF:0
FNH:0
DA:14,1
LF:1
LH:1
BRF:0
BRH:0
end_of_record
TN:
SF:apps/keira/src/app/shared/modules/selectors/holiday-selector/holiday-selector.module.ts
FNF:0
FNH:0
DA:17,1
LF:1
LH:1
BRF:0
BRH:0
end_of_record
TN:
SF:apps/keira/src/app/shared/modules/selectors/item-enchantment-selector/item-enchantment-selector-btn.component.ts
FNF:0
FNH:0
DA:13,1
LF:1
LH:1
BRF:0
BRH:0
end_of_record
TN:
SF:apps/keira/src/app/shared/modules/selectors/item-enchantment-selector/item-enchantment-selector-modal.component.ts
FNF:0
FNH:0
DA:14,1
LF:1
LH:1
BRF:0
BRH:0
end_of_record
TN:
SF:apps/keira/src/app/shared/modules/selectors/item-enchantment-selector/item-enchantment-selector.module.ts
FNF:0
FNH:0
DA:17,1
LF:1
LH:1
BRF:0
BRH:0
end_of_record
TN:
SF:apps/keira/src/app/shared/modules/selectors/item-extended-cost-selector/item-extended-cost-selector-btn.component.ts
FNF:0
FNH:0
DA:13,1
LF:1
LH:1
BRF:0
BRH:0
end_of_record
TN:
SF:apps/keira/src/app/shared/modules/selectors/item-extended-cost-selector/item-extended-cost-selector-modal.component.ts
FNF:0
FNH:0
DA:14,1
LF:1
LH:1
BRF:0
BRH:0
end_of_record
TN:
SF:apps/keira/src/app/shared/modules/selectors/item-extended-cost-selector/item-extended-cost-selector.module.ts
FNF:0
FNH:0
DA:17,1
LF:1
LH:1
BRF:0
BRH:0
end_of_record
TN:
SF:apps/keira/src/app/shared/modules/selectors/item-limit-category-selector/item-limit-category-selector-btn.component.ts
FNF:0
FNH:0
DA:13,1
LF:1
LH:1
BRF:0
BRH:0
end_of_record
TN:
SF:apps/keira/src/app/shared/modules/selectors/item-limit-category-selector/item-limit-category-selector-modal.component.ts
FNF:0
FNH:0
DA:14,1
LF:1
LH:1
BRF:0
BRH:0
end_of_record
TN:
SF:apps/keira/src/app/shared/modules/selectors/item-limit-category-selector/item-limit-category-selector.module.ts
FNF:0
FNH:0
DA:17,1
LF:1
LH:1
BRF:0
BRH:0
end_of_record
TN:
SF:apps/keira/src/app/shared/modules/selectors/item-selector/item-selector-btn.component.ts
FNF:0
FNH:0
DA:12,1
LF:1
LH:1
BRF:0
BRH:0
end_of_record
TN:
SF:apps/keira/src/app/shared/modules/selectors/item-selector/item-selector-modal.component.ts
FNF:0
FNH:0
DA:13,1
LF:1
LH:1
BRF:0
BRH:0
end_of_record
TN:
SF:apps/keira/src/app/shared/modules/selectors/item-selector/item-selector.module.ts
FNF:0
FNH:0
DA:17,1
LF:1
LH:1
BRF:0
BRH:0
end_of_record
TN:
SF:apps/keira/src/app/shared/modules/selectors/language-selector/language-selector-btn.component.ts
FNF:0
FNH:0
DA:12,1
LF:1
LH:1
BRF:0
BRH:0
end_of_record
TN:
SF:apps/keira/src/app/shared/modules/selectors/language-selector/language-selector-modal.component.ts
FNF:0
FNH:0
DA:13,1
LF:1
LH:1
BRF:0
BRH:0
end_of_record
TN:
SF:apps/keira/src/app/shared/modules/selectors/language-selector/language-selector.module.ts
FNF:0
FNH:0
DA:16,1
LF:1
LH:1
BRF:0
BRH:0
end_of_record
TN:
SF:apps/keira/src/app/shared/modules/selectors/map-selector/map-selector-btn.component.ts
FNF:0
FNH:0
DA:13,1
LF:1
LH:1
BRF:0
BRH:0
end_of_record
TN:
SF:apps/keira/src/app/shared/modules/selectors/map-selector/map-selector-modal.component.ts
FNF:0
FNH:0
DA:14,1
LF:1
LH:1
BRF:0
BRH:0
end_of_record
TN:
SF:apps/keira/src/app/shared/modules/selectors/map-selector/map-selector.module.ts
FNF:0
FNH:0
DA:17,1
LF:1
LH:1
BRF:0
BRH:0
end_of_record
TN:
SF:apps/keira/src/app/shared/modules/selectors/npc-text-selector/npc-text-selector-btn.component.ts
FNF:0
FNH:0
DA:13,1
LF:1
LH:1
BRF:0
BRH:0
end_of_record
TN:
SF:apps/keira/src/app/shared/modules/selectors/npc-text-selector/npc-text-selector-modal.component.ts
FNF:0
FNH:0
DA:14,1
LF:1
LH:1
BRF:0
BRH:0
end_of_record
TN:
SF:apps/keira/src/app/shared/modules/selectors/npc-text-selector/npc-text-selector.module.ts
FNF:0
FNH:0
DA:18,1
LF:1
LH:1
BRF:0
BRH:0
end_of_record
TN:
SF:apps/keira/src/app/shared/modules/selectors/quest-selector/quest-selector-btn.component.ts
FNF:0
FNH:0
DA:13,1
LF:1
LH:1
BRF:0
BRH:0
end_of_record
TN:
SF:apps/keira/src/app/shared/modules/selectors/quest-selector/quest-selector-modal.component.ts
FNF:0
FNH:0
DA:14,1
LF:1
LH:1
BRF:0
BRH:0
end_of_record
TN:
SF:apps/keira/src/app/shared/modules/selectors/quest-selector/quest-selector.module.ts
FNF:0
FNH:0
DA:17,1
LF:1
LH:1
BRF:0
BRH:0
end_of_record
TN:
SF:apps/keira/src/app/shared/modules/selectors/single-value-selector/single-value-selector-btn.component.ts
FNF:0
FNH:0
DA:14,1
LF:1
LH:1
BRF:0
BRH:0
end_of_record
TN:
SF:apps/keira/src/app/shared/modules/selectors/single-value-selector/single-value-selector-modal.component.ts
FN:24,(anonymous_2)
FN:35,(anonymous_3)
FNF:2
FNH:2
FNDA:5,(anonymous_2)
FNDA:1,(anonymous_3)
DA:15,1
DA:25,5
DA:26,2
DA:27,3
DA:28,2
DA:29,2
DA:36,1
LF:7
LH:7
BRDA:25,0,0,2
BRDA:27,1,0,2
BRF:2
BRH:2
end_of_record
TN:
SF:apps/keira/src/app/shared/modules/selectors/single-value-selector/single-value-selector.module.ts
FNF:0
FNH:0
DA:15,1
LF:1
LH:1
BRF:0
BRH:0
end_of_record
TN:
SF:apps/keira/src/app/shared/modules/selectors/skill-selector/skill-selector-btn.component.ts
FNF:0
FNH:0
DA:13,1
LF:1
LH:1
BRF:0
BRH:0
end_of_record
TN:
SF:apps/keira/src/app/shared/modules/selectors/skill-selector/skill-selector-modal.component.ts
FNF:0
FNH:0
DA:14,1
LF:1
LH:1
BRF:0
BRH:0
end_of_record
TN:
SF:apps/keira/src/app/shared/modules/selectors/skill-selector/skill-selector.module.ts
FNF:0
FNH:0
DA:17,1
LF:1
LH:1
BRF:0
BRH:0
end_of_record
TN:
SF:apps/keira/src/app/shared/modules/selectors/spell-selector/spell-selector-btn.component.ts
FNF:0
FNH:0
DA:13,1
LF:1
LH:1
BRF:0
BRH:0
end_of_record
TN:
SF:apps/keira/src/app/shared/modules/selectors/spell-selector/spell-selector-modal.component.ts
FNF:0
FNH:0
DA:14,1
LF:1
LH:1
BRF:0
BRH:0
end_of_record
TN:
SF:apps/keira/src/app/shared/modules/selectors/spell-selector/spell-selector.module.ts
FNF:0
FNH:0
DA:17,1
LF:1
LH:1
BRF:0
BRH:0
end_of_record
TN:
SF:apps/keira/src/app/shared/modules/switch-language/switch-language.component.ts
FN:13,(anonymous_2)
FNF:1
FNH:1
FNDA:20,(anonymous_2)
DA:10,1
DA:11,20
DA:13,20
LF:3
LH:3
BRF:0
BRH:0
end_of_record
TN:
SF:apps/keira/src/app/shared/modules/switch-language/switch-language.module.ts
FNF:0
FNH:0
DA:14,1
LF:1
LH:1
BRF:0
BRH:0
end_of_record
TN:
SF:apps/keira/src/app/shared/modules/switch-language/switch-language.service.ts
FN:10,(anonymous_2)
FN:12,(anonymous_3)
FNF:2
FNH:2
FNDA:21,(anonymous_2)
FNDA:1,(anonymous_3)
DA:7,1
DA:8,21
DA:10,21
DA:13,1
DA:14,1
LF:5
LH:5
BRF:0
BRH:0
end_of_record
TN:
SF:apps/keira/src/app/shared/modules/top-bar/top-bar.component.ts
FNF:0
FNH:0
DA:8,1
LF:1
LH:1
BRF:0
BRH:0
end_of_record
TN:
SF:apps/keira/src/app/shared/modules/top-bar/top-bar.module.ts
FNF:0
FNH:0
DA:11,1
LF:1
LH:1
BRF:0
BRH:0
end_of_record
TN:
SF:apps/keira/src/app/shared/services/config.service.ts
FN:6,(anonymous_1)
FNF:1
FNH:1
FNDA:1116,(anonymous_1)
DA:6,1
DA:7,1116
LF:2
LH:2
BRF:0
BRH:0
end_of_record
TN:
SF:apps/keira/src/app/shared/services/local-storage.service.ts
FN:6,(anonymous_1)
FN:10,(anonymous_2)
FN:14,(anonymous_3)
FN:18,(anonymous_4)
FN:22,(anonymous_5)
FN:26,(anonymous_6)
FN:30,(anonymous_7)
FNF:7
FNH:7
FNDA:11,(anonymous_1)
FNDA:1,(anonymous_2)
FNDA:1,(anonymous_3)
FNDA:1,(anonymous_4)
FNDA:5,(anonymous_5)
FNDA:1,(anonymous_6)
FNDA:1,(anonymous_7)
DA:6,1
DA:7,11
DA:11,1
DA:15,1
DA:19,1
DA:23,5
DA:27,1
DA:31,1
LF:8
LH:8
BRF:0
BRH:0
end_of_record
TN:
SF:apps/keira/src/app/shared/services/location.service.ts
FNF:0
FNH:0
DA:6,1
LF:1
LH:1
BRF:0
BRH:0
end_of_record
TN:
SF:apps/keira/src/app/shared/services/mysql.service.ts
FN:16,(anonymous_2)
FN:21,(anonymous_3)
FN:29,(anonymous_4)
FN:33,(anonymous_5)
FN:43,(anonymous_6)
FN:47,(anonymous_7)
FN:53,(anonymous_8)
FN:58,(anonymous_9)
FN:59,(anonymous_10)
FN:60,(anonymous_11)
FN:74,(anonymous_12)
FN:80,(anonymous_13)
FN:86,(anonymous_14)
FN:92,(anonymous_15)
FN:93,(anonymous_16)
FN:106,(anonymous_17)
FN:107,(anonymous_18)
FN:127,(anonymous_19)
FN:128,(anonymous_20)
FN:129,(anonymous_21)
FNF:20
FNH:20
FNDA:5,(anonymous_2)
FNDA:1,(anonymous_3)
FNDA:49,(anonymous_4)
FNDA:994,(anonymous_5)
FNDA:2,(anonymous_6)
FNDA:1,(anonymous_7)
FNDA:1,(anonymous_8)
FNDA:3,(anonymous_9)
FNDA:2,(anonymous_10)
FNDA:2,(anonymous_11)
FNDA:2,(anonymous_12)
FNDA:1,(anonymous_13)
FNDA:1,(anonymous_14)
FNDA:2,(anonymous_15)
FNDA:2,(anonymous_16)
FNDA:49,(anonymous_17)
FNDA:49,(anonymous_18)
FNDA:3,(anonymous_19)
FNDA:2,(anonymous_20)
FNDA:2,(anonymous_21)
DA:11,1
DA:17,5
DA:20,994
DA:22,1
DA:25,994
DA:26,994
DA:28,994
DA:30,49
DA:34,994
DA:35,994
DA:44,2
DA:48,1
DA:49,1
DA:51,1
DA:53,1
DA:54,1
DA:59,3
DA:60,2
DA:61,2
DA:62,1
DA:63,1
DA:65,1
DA:66,1
DA:67,1
DA:69,2
DA:75,2
DA:76,1
DA:81,1
DA:82,1
DA:83,1
DA:84,1
DA:86,1
DA:87,1
DA:88,1
DA:93,2
DA:94,2
DA:96,1
DA:99,1
DA:100,1
DA:101,1
DA:107,49
DA:108,49
DA:109,1
DA:110,1
DA:128,3
DA:129,2
DA:130,2
DA:131,1
DA:132,1
DA:134,1
DA:136,2
LF:51
LH:51
BRDA:44,0,0,1
BRDA:44,0,1,1
BRDA:61,1,0,1
BRDA:61,1,1,1
BRDA:75,2,0,1
BRDA:94,3,0,1
BRDA:94,3,1,1
BRDA:108,4,0,1
BRDA:130,5,0,1
BRDA:130,5,1,1
BRF:10
BRH:10
end_of_record
TN:
SF:apps/keira/src/app/shared/services/preview-helper.service.ts
FN:7,(anonymous_1)
FN:27,(anonymous_2)
FN:39,(anonymous_3)
FN:69,(anonymous_4)
FNF:4
FNH:4
FNDA:99,(anonymous_1)
FNDA:960,(anonymous_2)
FNDA:607,(anonymous_3)
FNDA:996,(anonymous_4)
DA:6,1
DA:8,99
DA:10,99
DA:11,5
DA:12,5
DA:13,5
DA:16,99
DA:17,6
DA:18,6
DA:19,6
DA:22,99
DA:24,99
DA:28,960
DA:29,2
DA:32,958
DA:33,2
DA:36,956
DA:41,607
DA:43,607
DA:44,506
DA:47,101
DA:49,101
DA:50,3
DA:53,98
DA:54,98
DA:55,98
DA:56,670
DA:58,201
DA:59,201
DA:61,201
DA:63,670
DA:66,98
DA:70,996
DA:72,996
DA:74,2
DA:77,994
DA:78,994
DA:79,994
DA:80,101
DA:82,74
DA:83,74
DA:86,74
DA:88,101
DA:91,994
LF:44
LH:44
BRDA:10,0,0,5
BRDA:16,1,0,6
BRDA:28,2,0,2
BRDA:32,3,0,2
BRDA:43,4,0,506
BRDA:43,5,0,607
BRDA:43,5,1,103
BRDA:49,6,0,3
BRDA:56,7,0,201
BRDA:58,8,0,201
BRDA:72,9,0,2
BRDA:80,10,0,74
BRDA:82,11,0,74
BRF:13
BRH:13
end_of_record
TN:
SF:apps/keira/src/app/shared/services/sqlite.service.ts
FNF:0
FNH:0
DA:11,1
LF:1
LH:1
BRF:0
BRH:0
end_of_record
TN:
SF:apps/keira/src/app/shared/services/query/base-query.service.ts
FN:7,(anonymous_0)
FN:13,(anonymous_1)
FN:14,(anonymous_2)
FN:17,(anonymous_3)
FN:21,(anonymous_4)
FN:31,(anonymous_5)
FN:41,(anonymous_6)
FNF:7
FNH:7
FNDA:1809,(anonymous_0)
FNDA:284,(anonymous_1)
FNDA:115,(anonymous_2)
FNDA:2,(anonymous_3)
FNDA:216,(anonymous_4)
FNDA:4544,(anonymous_5)
FNDA:194,(anonymous_6)
DA:8,1809
DA:14,284
DA:18,2
DA:22,216
DA:23,13
DA:25,216
DA:26,17
DA:28,216
DA:32,4544
DA:33,557
DA:35,4544
DA:36,997
DA:38,4544
DA:42,194
DA:44,194
DA:45,44
DA:48,194
DA:50,194
DA:51,493
DA:52,493
DA:53,138
DA:55,138
DA:59,194
DA:60,44
DA:61,61
DA:65,194
DA:66,182
DA:69,194
LF:28
LH:28
BRDA:14,0,0,22
BRDA:14,0,1,93
BRDA:14,1,0,115
BRDA:14,1,1,114
BRDA:22,2,0,13
BRDA:25,3,0,17
BRDA:32,4,0,557
BRDA:35,5,0,997
BRDA:41,6,0,5
BRDA:41,7,0,5
BRDA:44,8,0,44
BRDA:52,9,0,138
BRDA:52,10,0,493
BRDA:52,10,1,493
BRDA:52,10,2,140
BRDA:59,11,0,44
BRDA:65,12,0,182
BRF:17
BRH:17
end_of_record
TN:
SF:apps/keira/src/app/shared/services/query/mysql-query.service.ts
FN:18,(anonymous_2)
FN:25,(anonymous_3)
FN:29,(anonymous_4)
FN:31,(anonymous_5)
FN:37,(anonymous_6)
FN:41,(anonymous_7)
FN:45,(anonymous_8)
FN:58,(anonymous_9)
FN:63,(anonymous_10)
FN:85,(anonymous_11)
FN:101,(anonymous_12)
FN:110,(anonymous_13)
FN:130,(anonymous_14)
FN:145,(anonymous_15)
FN:155,(anonymous_16)
FN:162,(anonymous_17)
FN:214,(anonymous_18)
FN:244,(anonymous_19)
FN:268,(anonymous_20)
FN:281,(anonymous_21)
FN:292,(anonymous_22)
FN:307,(anonymous_23)
FN:318,(anonymous_24)
FN:330,(anonymous_25)
FN:337,(anonymous_26)
FN:341,(anonymous_27)
FN:349,(anonymous_28)
FN:357,(anonymous_29)
FN:365,(anonymous_30)
FN:369,(anonymous_31)
FN:377,(anonymous_32)
FN:383,(anonymous_33)
FN:391,(anonymous_34)
FN:399,(anonymous_35)
FN:403,(anonymous_36)
FN:416,(anonymous_37)
FN:444,(anonymous_38)
FN:452,(anonymous_39)
FN:456,(anonymous_40)
FNF:39
FNH:39
FNDA:1058,(anonymous_2)
FNDA:399,(anonymous_3)
FNDA:48,(anonymous_4)
FNDA:2,(anonymous_5)
FNDA:2,(anonymous_6)
FNDA:22,(anonymous_7)
FNDA:2,(anonymous_8)
FNDA:67,(anonymous_9)
FNDA:767,(anonymous_10)
FNDA:739,(anonymous_11)
FNDA:1579,(anonymous_12)
FNDA:447,(anonymous_13)
FNDA:447,(anonymous_14)
FNDA:445,(anonymous_15)
FNDA:2241,(anonymous_16)
FNDA:503,(anonymous_17)
FNDA:9,(anonymous_18)
FNDA:2103,(anonymous_19)
FNDA:50,(anonymous_20)
FNDA:107,(anonymous_21)
FNDA:28,(anonymous_22)
FNDA:37,(anonymous_23)
FNDA:33,(anonymous_24)
FNDA:20,(anonymous_25)
FNDA:353,(anonymous_26)
FNDA:2,(anonymous_27)
FNDA:274,(anonymous_28)
FNDA:2,(anonymous_29)
FNDA:13,(anonymous_30)
FNDA:7,(anonymous_31)
FNDA:49,(anonymous_32)
FNDA:434,(anonymous_33)
FNDA:2,(anonymous_34)
FNDA:1744,(anonymous_35)
FNDA:408,(anonymous_36)
FNDA:2,(anonymous_37)
FNDA:204,(anonymous_38)
FNDA:76,(anonymous_39)
FNDA:76,(anonymous_40)
DA:17,1
DA:19,1058
DA:20,1058
DA:22,1058
DA:26,399
DA:30,48
DA:32,2
DA:33,1
DA:34,1
DA:37,2
DA:42,22
DA:46,2
DA:48,2
DA:50,4
DA:51,4
DA:55,2
DA:59,67
DA:68,767
DA:69,767
DA:71,767
DA:73,63723
DA:74,63723
DA:75,27031
DA:76,27031
DA:81,767
DA:91,739
DA:93,739
DA:94,130
DA:97,609
DA:98,609
DA:102,1579
DA:103,2469
DA:104,954
DA:107,625
DA:117,447
DA:118,639
DA:119,639
DA:121,162
DA:122,477
DA:124,93
DA:125,93
DA:137,447
DA:138,940
DA:139,463
DA:140,463
DA:146,445
DA:148,445
DA:149,377
DA:152,445
DA:156,2241
DA:157,2241
DA:158,2241
DA:169,503
DA:170,2
DA:172,501
DA:173,31
DA:176,470
DA:178,470
DA:180,30
DA:181,2
DA:182,2
DA:184,28
DA:188,440
DA:189,440
DA:191,440
DA:192,440
DA:194,440
DA:195,1
DA:197,439
DA:199,439
DA:200,423
DA:201,43
DA:203,380
DA:206,439
DA:208,439
DA:210,439
DA:220,9
DA:221,2
DA:224,7
DA:225,7
DA:227,7
DA:228,7
DA:230,7
DA:231,1
DA:234,6
DA:235,6
DA:237,6
DA:238,6
DA:240,6
DA:252,2103
DA:253,340
DA:256,1763
DA:258,1763
DA:259,1743
DA:261,1763
DA:262,52
DA:264,1763
DA:265,70
DA:266,50
DA:268,50
DA:269,20
DA:273,1763
DA:274,1763
DA:276,1763
DA:277,1763
DA:278,1763
DA:286,107
DA:287,636
DA:298,28
DA:299,28
DA:300,3
DA:302,25
DA:303,25
DA:312,37
DA:313,37
DA:314,37
DA:324,33
DA:325,33
DA:326,33
DA:327,33
DA:331,20
DA:332,20
DA:338,353
DA:342,2
DA:350,274
DA:358,2
DA:366,13
DA:370,7
DA:378,49
DA:384,434
DA:392,2
DA:400,1744
DA:404,408
DA:423,2
DA:425,2
DA:426,1
DA:428,2
DA:429,1
DA:431,2
DA:432,1
DA:434,2
DA:435,1
DA:437,2
DA:438,1
DA:441,2
DA:445,204
DA:453,76
DA:457,76
LF:148
LH:148
BRDA:32,0,0,1
BRDA:50,1,0,4
BRDA:73,2,0,63723
BRDA:74,3,0,27031
BRDA:81,4,0,634
BRDA:81,4,1,133
BRDA:93,5,0,130
BRDA:103,6,0,954
BRDA:119,7,0,162
BRDA:119,7,1,477
BRDA:122,8,0,93
BRDA:138,9,0,463
BRDA:148,10,0,377
BRDA:169,11,0,2
BRDA:169,12,0,503
BRDA:169,12,1,502
BRDA:172,13,0,31
BRDA:172,14,0,501
BRDA:172,14,1,64
BRDA:178,15,0,30
BRDA:178,16,0,470
BRDA:178,16,1,454
BRDA:180,17,0,2
BRDA:180,17,1,28
BRDA:194,18,0,1
BRDA:199,19,0,423
BRDA:200,20,0,43
BRDA:200,20,1,380
BRDA:220,21,0,2
BRDA:220,22,0,9
BRDA:220,22,1,8
BRDA:230,23,0,1
BRDA:247,24,0,2
BRDA:248,25,0,2012
BRDA:249,26,0,2036
BRDA:252,27,0,340
BRDA:252,28,0,2103
BRDA:252,28,1,2102
BRDA:258,29,0,1743
BRDA:261,30,0,52
BRDA:261,31,0,1763
BRDA:261,31,1,1743
BRDA:264,32,0,70
BRDA:265,33,0,50
BRDA:265,33,1,20
BRDA:299,34,0,3
BRDA:377,35,0,8
BRDA:378,36,0,41
BRDA:378,36,1,8
BRDA:404,37,0,407
BRDA:404,37,1,1
BRDA:421,38,0,1
BRDA:425,39,0,1
BRDA:428,40,0,1
BRDA:431,41,0,1
BRDA:434,42,0,1
BRDA:437,43,0,1
BRF:57
BRH:57
end_of_record
TN:
SF:apps/keira/src/app/shared/services/query/sqlite-query.service.ts
FN:17,(anonymous_2)
FN:36,(anonymous_3)
FN:48,(anonymous_4)
FN:52,(anonymous_5)
FN:64,(anonymous_6)
FN:70,(anonymous_7)
FN:78,(anonymous_8)
FN:86,(anonymous_9)
FN:94,(anonymous_10)
FN:98,(anonymous_11)
FN:106,(anonymous_12)
FN:110,(anonymous_13)
FN:118,(anonymous_14)
FN:126,(anonymous_15)
FN:130,(anonymous_16)
FN:138,(anonymous_17)
FNF:16
FNH:16
FNDA:743,(anonymous_2)
FNDA:2,(anonymous_3)
FNDA:164,(anonymous_4)
FNDA:2,(anonymous_5)
FNDA:7,(anonymous_6)
FNDA:428,(anonymous_7)
FNDA:195,(anonymous_8)
FNDA:204,(anonymous_9)
FNDA:2,(anonymous_10)
FNDA:2,(anonymous_11)
FNDA:2,(anonymous_12)
FNDA:2,(anonymous_13)
FNDA:2,(anonymous_14)
FNDA:2,(anonymous_15)
FNDA:98,(anonymous_16)
FNDA:10,(anonymous_17)
DA:13,1
DA:14,743
DA:15,743
DA:18,743
DA:19,743
DA:21,743
DA:37,2
DA:39,2
DA:40,1
DA:45,2
DA:49,164
DA:53,2
DA:55,2
DA:56,1
DA:61,2
DA:65,7
DA:71,428
DA:79,195
DA:87,204
DA:95,2
DA:99,2
DA:107,2
DA:111,2
DA:119,2
DA:127,2
DA:131,98
DA:139,10
LF:27
LH:27
BRDA:39,0,0,1
BRDA:55,1,0,1
BRDA:65,2,0,6
BRDA:65,2,1,1
BRF:4
BRH:4
end_of_record
TN:
SF:apps/keira/src/app/shared/utils/helpers.ts
FN:13,getNumberOrString
FN:18,getPartial
FN:28,getEnumKeys
FN:30,(anonymous_3)
FN:31,(anonymous_4)
FN:34,createMockObject
FN:38,(anonymous_6)
FNF:7
FNH:7
FNDA:189,getNumberOrString
FNDA:61,getPartial
FNDA:6,getEnumKeys
FNDA:694,(anonymous_3)
FNDA:347,(anonymous_4)
FNDA:14,createMockObject
FNDA:21482,(anonymous_6)
DA:14,189
DA:15,189
DA:19,61
DA:21,61
DA:22,379
DA:25,61
DA:29,6
DA:30,694
DA:31,347
DA:35,14
DA:38,21482
LF:11
LH:11
BRDA:15,0,0,187
BRDA:15,0,1,2
BRF:2
BRH:2
end_of_record
TN:
SF:apps/keira/src/app/shared/utils/subscription-handler/subscription-handler.ts
FN:5,(anonymous_1)
FN:8,(anonymous_2)
FNF:2
FNH:2
FNDA:7626,(anonymous_1)
FNDA:7626,(anonymous_2)
DA:5,1
DA:6,7626
DA:9,7626
DA:10,3598
LF:4
LH:4
BRF:0
BRH:0
end_of_record
TN:
SF:apps/keira/src/environments/environment.ts
FNF:0
FNH:0
DA:1,1
LF:1
LH:1
BRF:0
BRH:0
end_of_record
